roblox.com
rbxcdn.com
robloxdev.com
rbxinfra.net
googleapis.com
gstatic.com
googleusercontent.com
ggpht.com
gvt1.com
gvt2.com
gvt3.com
admin.wa.me
admin.whatsapp.com
admin.whatsapp.net
alert.wa.me
alert.whatsapp.com
alert.whatsapp.net
apac.wa.me
apac.whatsapp.com
apac.whatsapp.net
api.wa.me
api.whatsapp.com
api.whatsapp.net
app.wa.me
app.whatsapp.com
app.whatsapp.net
asia.wa.me
asia.whatsapp.com
asia.whatsapp.net
assets.wa.me
assets.whatsapp.com
assets.whatsapp.net
autodiscover.wa.me
autodiscover.whatsapp.com
autodiscover.whatsapp.net
beta.wa.me
beta.whatsapp.com
beta.whatsapp.net
blog.wa.me
blog.whatsapp.com
blog.whatsapp.net
bsg.wa.me
bsg.whatsapp.com
bsg.whatsapp.net
business.wa.me
business.whatsapp.com
business.whatsapp.net
c1.whatsapp.net
c10.whatsapp.net
c11.whatsapp.net
c12.whatsapp.net
c13.whatsapp.net
c14.whatsapp.net
c15.whatsapp.net
c16.whatsapp.net
c17.whatsapp.net
c18.whatsapp.net
c19.whatsapp.net
c2.whatsapp.net
c20.whatsapp.net
c21.whatsapp.net
c22.whatsapp.net
c23.whatsapp.net
c24.whatsapp.net
c25.whatsapp.net
c26.whatsapp.net
c27.whatsapp.net
c28.whatsapp.net
c29.whatsapp.net
c3.whatsapp.net
c30.whatsapp.net
c31.whatsapp.net
c32.whatsapp.net
c33.whatsapp.net
c34.whatsapp.net
c35.whatsapp.net
c36.whatsapp.net
c37.whatsapp.net
c38.whatsapp.net
c39.whatsapp.net
c4.whatsapp.net
c40.whatsapp.net
c41.whatsapp.net
c42.whatsapp.net
c43.whatsapp.net
c44.whatsapp.net
c45.whatsapp.net
c46.whatsapp.net
c47.whatsapp.net
c48.whatsapp.net
c49.whatsapp.net
c5.whatsapp.net
c50.whatsapp.net
c51.whatsapp.net
c52.whatsapp.net
c53.whatsapp.net
c54.whatsapp.net
c55.whatsapp.net
c56.whatsapp.net
c57.whatsapp.net
c58.whatsapp.net
c59.whatsapp.net
c6.whatsapp.net
c60.whatsapp.net
c61.whatsapp.net
c62.whatsapp.net
c63.whatsapp.net
c64.whatsapp.net
c65.whatsapp.net
c66.whatsapp.net
c67.whatsapp.net
c68.whatsapp.net
c69.whatsapp.net
c7.whatsapp.net
c70.whatsapp.net
c71.whatsapp.net
c72.whatsapp.net
c73.whatsapp.net
c74.whatsapp.net
c75.whatsapp.net
c76.whatsapp.net
c77.whatsapp.net
c78.whatsapp.net
c79.whatsapp.net
c8.whatsapp.net
c80.whatsapp.net
c81.whatsapp.net
c82.whatsapp.net
c83.whatsapp.net
c84.whatsapp.net
c85.whatsapp.net
c86.whatsapp.net
c87.whatsapp.net
c88.whatsapp.net
c89.whatsapp.net
c9.whatsapp.net
c90.whatsapp.net
c91.whatsapp.net
c92.whatsapp.net
c93.whatsapp.net
c94.whatsapp.net
c95.whatsapp.net
c96.whatsapp.net
c97.whatsapp.net
c98.whatsapp.net
c99.whatsapp.net
call.wa.me
call.whatsapp.com
call.whatsapp.net
cdn.wa.me
cdn.whatsapp.com
cdn.whatsapp.net
central.wa.me
central.whatsapp.com
central.whatsapp.net
chat.wa.me
chat.whatsapp.com
chat.whatsapp.net
download.wa.me
e1.whatsapp.net
e10.whatsapp.net
e11.whatsapp.net
e12.whatsapp.net
e13.whatsapp.net
e14.whatsapp.net
e15.whatsapp.net
e16.whatsapp.net
e17.whatsapp.net
e18.whatsapp.net
e19.whatsapp.net
e2.whatsapp.net
e20.whatsapp.net
e21.whatsapp.net
e22.whatsapp.net
e23.whatsapp.net
e24.whatsapp.net
e25.whatsapp.net
e26.whatsapp.net
e27.whatsapp.net
e28.whatsapp.net
e29.whatsapp.net
e3.whatsapp.net
e30.whatsapp.net
e31.whatsapp.net
e32.whatsapp.net
e33.whatsapp.net
e34.whatsapp.net
e35.whatsapp.net
e36.whatsapp.net
e37.whatsapp.net
e38.whatsapp.net
e39.whatsapp.net
e4.whatsapp.net
e40.whatsapp.net
e41.whatsapp.net
e42.whatsapp.net
e43.whatsapp.net
e44.whatsapp.net
e45.whatsapp.net
e46.whatsapp.net
e47.whatsapp.net
e48.whatsapp.net
e49.whatsapp.net
e5.whatsapp.net
e50.whatsapp.net
e51.whatsapp.net
e52.whatsapp.net
e53.whatsapp.net
e54.whatsapp.net
e55.whatsapp.net
e56.whatsapp.net
e57.whatsapp.net
e58.whatsapp.net
e59.whatsapp.net
e6.whatsapp.net
e60.whatsapp.net
e61.whatsapp.net
e62.whatsapp.net
e63.whatsapp.net
e64.whatsapp.net
e65.whatsapp.net
e66.whatsapp.net
e67.whatsapp.net
e68.whatsapp.net
e69.whatsapp.net
e7.whatsapp.net
e70.whatsapp.net
e71.whatsapp.net
e72.whatsapp.net
e73.whatsapp.net
e74.whatsapp.net
e75.whatsapp.net
e76.whatsapp.net
e77.whatsapp.net
e78.whatsapp.net
e79.whatsapp.net
e8.whatsapp.net
e80.whatsapp.net
e81.whatsapp.net
e82.whatsapp.net
e83.whatsapp.net
e84.whatsapp.net
e85.whatsapp.net
e86.whatsapp.net
e87.whatsapp.net
e88.whatsapp.net
e89.whatsapp.net
e9.whatsapp.net
e90.whatsapp.net
e91.whatsapp.net
e92.whatsapp.net
e93.whatsapp.net
e94.whatsapp.net
e95.whatsapp.net
e96.whatsapp.net
e97.whatsapp.net
e98.whatsapp.net
e99.whatsapp.net
east.wa.me
east.whatsapp.com
east.whatsapp.net
edge.wa.me
edge.whatsapp.com
edge.whatsapp.net
edge1.whatsapp.net
edge10.whatsapp.net
edge11.whatsapp.net
edge12.whatsapp.net
edge13.whatsapp.net
edge14.whatsapp.net
edge15.whatsapp.net
edge16.whatsapp.net
edge17.whatsapp.net
edge18.whatsapp.net
edge19.whatsapp.net
edge2.whatsapp.net
edge20.whatsapp.net
edge21.whatsapp.net
edge22.whatsapp.net
edge23.whatsapp.net
edge24.whatsapp.net
edge25.whatsapp.net
edge26.whatsapp.net
edge27.whatsapp.net
edge28.whatsapp.net
edge29.whatsapp.net
edge3.whatsapp.net
edge30.whatsapp.net
edge31.whatsapp.net
edge32.whatsapp.net
edge33.whatsapp.net
edge34.whatsapp.net
edge35.whatsapp.net
edge36.whatsapp.net
edge37.whatsapp.net
edge38.whatsapp.net
edge39.whatsapp.net
edge4.whatsapp.net
edge40.whatsapp.net
edge41.whatsapp.net
edge42.whatsapp.net
edge43.whatsapp.net
edge44.whatsapp.net
edge45.whatsapp.net
edge46.whatsapp.net
edge47.whatsapp.net
edge48.whatsapp.net
edge49.whatsapp.net
edge5.whatsapp.net
edge50.whatsapp.net
edge51.whatsapp.net
edge52.whatsapp.net
edge53.whatsapp.net
edge54.whatsapp.net
edge55.whatsapp.net
edge56.whatsapp.net
edge57.whatsapp.net
edge58.whatsapp.net
edge59.whatsapp.net
edge6.whatsapp.net
edge60.whatsapp.net
edge61.whatsapp.net
edge62.whatsapp.net
edge63.whatsapp.net
edge64.whatsapp.net
edge65.whatsapp.net
edge66.whatsapp.net
edge67.whatsapp.net
edge68.whatsapp.net
edge69.whatsapp.net
edge7.whatsapp.net
edge70.whatsapp.net
edge71.whatsapp.net
edge72.whatsapp.net
edge73.whatsapp.net
edge74.whatsapp.net
edge75.whatsapp.net
edge76.whatsapp.net
edge77.whatsapp.net
edge78.whatsapp.net
edge79.whatsapp.net
edge8.whatsapp.net
edge80.whatsapp.net
edge81.whatsapp.net
edge82.whatsapp.net
edge83.whatsapp.net
edge84.whatsapp.net
edge85.whatsapp.net
edge86.whatsapp.net
edge87.whatsapp.net
edge88.whatsapp.net
edge89.whatsapp.net
edge9.whatsapp.net
edge90.whatsapp.net
edge91.whatsapp.net
edge92.whatsapp.net
edge93.whatsapp.net
edge94.whatsapp.net
edge95.whatsapp.net
edge96.whatsapp.net
edge97.whatsapp.net
edge98.whatsapp.net
edge99.whatsapp.net
emea.wa.me
emea.whatsapp.com
emea.whatsapp.net
eu.wa.me
eu.whatsapp.com
eu.whatsapp.net
exchange.wa.me
exchange.whatsapp.com
exchange.whatsapp.net
help.wa.me
help.whatsapp.com
help.whatsapp.net
images.wa.me
images.whatsapp.com
images.whatsapp.net
imap.wa.me
imap.whatsapp.com
imap.whatsapp.net
img.wa.me
img.whatsapp.com
img.whatsapp.net
live.wa.me
live.whatsapp.com
live.whatsapp.net
m1.whatsapp.net
m10.whatsapp.net
m11.whatsapp.net
m12.whatsapp.net
m13.whatsapp.net
m14.whatsapp.net
m15.whatsapp.net
m16.whatsapp.net
m17.whatsapp.net
m18.whatsapp.net
m19.whatsapp.net
m2.whatsapp.net
m20.whatsapp.net
m21.whatsapp.net
m22.whatsapp.net
m23.whatsapp.net
m24.whatsapp.net
m25.whatsapp.net
m26.whatsapp.net
m27.whatsapp.net
m28.whatsapp.net
m29.whatsapp.net
m3.whatsapp.net
m30.whatsapp.net
m31.whatsapp.net
m32.whatsapp.net
m33.whatsapp.net
m34.whatsapp.net
m35.whatsapp.net
m36.whatsapp.net
m37.whatsapp.net
m38.whatsapp.net
m39.whatsapp.net
m4.whatsapp.net
m40.whatsapp.net
m41.whatsapp.net
m42.whatsapp.net
m43.whatsapp.net
m44.whatsapp.net
m45.whatsapp.net
m46.whatsapp.net
m47.whatsapp.net
m48.whatsapp.net
m49.whatsapp.net
m5.whatsapp.net
m50.whatsapp.net
m51.whatsapp.net
m52.whatsapp.net
m53.whatsapp.net
m54.whatsapp.net
m55.whatsapp.net
m56.whatsapp.net
m57.whatsapp.net
m58.whatsapp.net
m59.whatsapp.net
m6.whatsapp.net
m60.whatsapp.net
m61.whatsapp.net
m62.whatsapp.net
m63.whatsapp.net
m64.whatsapp.net
m65.whatsapp.net
m66.whatsapp.net
m67.whatsapp.net
m68.whatsapp.net
m69.whatsapp.net
m7.whatsapp.net
m70.whatsapp.net
m71.whatsapp.net
m72.whatsapp.net
m73.whatsapp.net
m74.whatsapp.net
m75.whatsapp.net
m76.whatsapp.net
m77.whatsapp.net
m78.whatsapp.net
m79.whatsapp.net
m8.whatsapp.net
m80.whatsapp.net
m81.whatsapp.net
m82.whatsapp.net
m83.whatsapp.net
m84.whatsapp.net
m85.whatsapp.net
m86.whatsapp.net
m87.whatsapp.net
m88.whatsapp.net
m89.whatsapp.net
m9.whatsapp.net
m90.whatsapp.net
m91.whatsapp.net
m92.whatsapp.net
m93.whatsapp.net
m94.whatsapp.net
m95.whatsapp.net
m96.whatsapp.net
m97.whatsapp.net
m98.whatsapp.net
m99.whatsapp.net
mail.wa.me
mail.whatsapp.com
mail.whatsapp.net
media.wa.me
media.whatsapp.com
media.whatsapp.net
mmg.fbcdn.net
mmg.wa.me
mmg.whatsapp.com
mmg.whatsapp.net
mmi.wa.me
mmi.whatsapp.com
mmi.whatsapp.net
mms.fbcdn.net
mms.wa.me
mms.whatsapp.com
mms.whatsapp.net
mx.wa.me
mx.whatsapp.com
mx.whatsapp.net
na.wa.me
na.whatsapp.com
na.whatsapp.net
newsroom.wa.me
newsroom.whatsapp.com
newsroom.whatsapp.net
node1.whatsapp.net
node10.whatsapp.net
node11.whatsapp.net
node12.whatsapp.net
node13.whatsapp.net
node14.whatsapp.net
node15.whatsapp.net
node16.whatsapp.net
node17.whatsapp.net
node18.whatsapp.net
node19.whatsapp.net
node2.whatsapp.net
node20.whatsapp.net
node21.whatsapp.net
node22.whatsapp.net
node23.whatsapp.net
node24.whatsapp.net
node25.whatsapp.net
node26.whatsapp.net
node27.whatsapp.net
node28.whatsapp.net
node29.whatsapp.net
node3.whatsapp.net
node30.whatsapp.net
node31.whatsapp.net
node32.whatsapp.net
node33.whatsapp.net
node34.whatsapp.net
node35.whatsapp.net
node36.whatsapp.net
node37.whatsapp.net
node38.whatsapp.net
node39.whatsapp.net
node4.whatsapp.net
node40.whatsapp.net
node41.whatsapp.net
node42.whatsapp.net
node43.whatsapp.net
node44.whatsapp.net
node45.whatsapp.net
node46.whatsapp.net
node47.whatsapp.net
node48.whatsapp.net
node49.whatsapp.net
node5.whatsapp.net
node50.whatsapp.net
node51.whatsapp.net
node52.whatsapp.net
node53.whatsapp.net
node54.whatsapp.net
node55.whatsapp.net
node56.whatsapp.net
node57.whatsapp.net
node58.whatsapp.net
node59.whatsapp.net
node6.whatsapp.net
node60.whatsapp.net
node61.whatsapp.net
node62.whatsapp.net
node63.whatsapp.net
node64.whatsapp.net
node65.whatsapp.net
node66.whatsapp.net
node67.whatsapp.net
node68.whatsapp.net
node69.whatsapp.net
node7.whatsapp.net
node70.whatsapp.net
node71.whatsapp.net
node72.whatsapp.net
node73.whatsapp.net
node74.whatsapp.net
node75.whatsapp.net
node76.whatsapp.net
node77.whatsapp.net
node78.whatsapp.net
node79.whatsapp.net
node8.whatsapp.net
node80.whatsapp.net
node81.whatsapp.net
node82.whatsapp.net
node83.whatsapp.net
node84.whatsapp.net
node85.whatsapp.net
node86.whatsapp.net
node87.whatsapp.net
node88.whatsapp.net
node89.whatsapp.net
node9.whatsapp.net
node90.whatsapp.net
node91.whatsapp.net
node92.whatsapp.net
node93.whatsapp.net
node94.whatsapp.net
node95.whatsapp.net
node96.whatsapp.net
node97.whatsapp.net
node98.whatsapp.net
node99.whatsapp.net
north.wa.me
north.whatsapp.com
north.whatsapp.net
notification.wa.me
notification.whatsapp.com
notification.whatsapp.net
owa.fbcdn.net
owa.wa.me
owa.whatsapp.com
owa.whatsapp.net
pop.wa.me
pop.whatsapp.com
pop.whatsapp.net
portal.wa.me
portal.whatsapp.com
portal.whatsapp.net
pps.fbcdn.net
pps.wa.me
pps.whatsapp.com
pps.whatsapp.net
push.wa.me
push.whatsapp.com
push.whatsapp.net
s.whatsapp.net
s1.whatsapp.net
s10.whatsapp.net
s11.whatsapp.net
s12.whatsapp.net
s13.whatsapp.net
s14.whatsapp.net
s15.whatsapp.net
s16.whatsapp.net
s17.whatsapp.net
s18.whatsapp.net
s19.whatsapp.net
s2.whatsapp.net
s20.whatsapp.net
s21.whatsapp.net
s22.whatsapp.net
s23.whatsapp.net
s24.whatsapp.net
s25.whatsapp.net
s26.whatsapp.net
s27.whatsapp.net
s28.whatsapp.net
s29.whatsapp.net
s3.whatsapp.net
s30.whatsapp.net
s31.whatsapp.net
s32.whatsapp.net
s33.whatsapp.net
s34.whatsapp.net
s35.whatsapp.net
s36.whatsapp.net
s37.whatsapp.net
s38.whatsapp.net
s39.whatsapp.net
s4.whatsapp.net
s40.whatsapp.net
s41.whatsapp.net
s42.whatsapp.net
s43.whatsapp.net
s44.whatsapp.net
s45.whatsapp.net
s46.whatsapp.net
s47.whatsapp.net
s48.whatsapp.net
s49.whatsapp.net
s5.whatsapp.net
s50.whatsapp.net
s51.whatsapp.net
s52.whatsapp.net
s53.whatsapp.net
s54.whatsapp.net
s55.whatsapp.net
s56.whatsapp.net
s57.whatsapp.net
s58.whatsapp.net
s59.whatsapp.net
s6.whatsapp.net
s60.whatsapp.net
s61.whatsapp.net
s62.whatsapp.net
s63.whatsapp.net
s64.whatsapp.net
s65.whatsapp.net
s66.whatsapp.net
s67.whatsapp.net
s68.whatsapp.net
s69.whatsapp.net
s7.whatsapp.net
s70.whatsapp.net
s71.whatsapp.net
s72.whatsapp.net
s73.whatsapp.net
s74.whatsapp.net
s75.whatsapp.net
s76.whatsapp.net
s77.whatsapp.net
s78.whatsapp.net
s79.whatsapp.net
s8.whatsapp.net
s80.whatsapp.net
s81.whatsapp.net
s82.whatsapp.net
s83.whatsapp.net
s84.whatsapp.net
s85.whatsapp.net
s86.whatsapp.net
s87.whatsapp.net
s88.whatsapp.net
s89.whatsapp.net
s9.whatsapp.net
s90.whatsapp.net
s91.whatsapp.net
s92.whatsapp.net
s93.whatsapp.net
s94.whatsapp.net
s95.whatsapp.net
s96.whatsapp.net
s97.whatsapp.net
s98.whatsapp.net
s99.whatsapp.net
sa.wa.me
sa.whatsapp.com
sa.whatsapp.net
secure.wa.me
secure.whatsapp.com
secure.whatsapp.net
server1.whatsapp.net
server10.whatsapp.net
server11.whatsapp.net
server12.whatsapp.net
server13.whatsapp.net
server14.whatsapp.net
server15.whatsapp.net
server16.whatsapp.net
server17.whatsapp.net
server18.whatsapp.net
server19.whatsapp.net
server2.whatsapp.net
server20.whatsapp.net
server21.whatsapp.net
server22.whatsapp.net
server23.whatsapp.net
server24.whatsapp.net
server25.whatsapp.net
server26.whatsapp.net
server27.whatsapp.net
server28.whatsapp.net
server29.whatsapp.net
server3.whatsapp.net
server30.whatsapp.net
server31.whatsapp.net
server32.whatsapp.net
server33.whatsapp.net
server34.whatsapp.net
server35.whatsapp.net
server36.whatsapp.net
server37.whatsapp.net
server38.whatsapp.net
server39.whatsapp.net
server4.whatsapp.net
server40.whatsapp.net
server41.whatsapp.net
server42.whatsapp.net
server43.whatsapp.net
server44.whatsapp.net
server45.whatsapp.net
server46.whatsapp.net
server47.whatsapp.net
server48.whatsapp.net
server49.whatsapp.net
server5.whatsapp.net
server50.whatsapp.net
server51.whatsapp.net
server52.whatsapp.net
server53.whatsapp.net
server54.whatsapp.net
server55.whatsapp.net
server56.whatsapp.net
server57.whatsapp.net
server58.whatsapp.net
server59.whatsapp.net
server6.whatsapp.net
server60.whatsapp.net
server61.whatsapp.net
server62.whatsapp.net
server63.whatsapp.net
server64.whatsapp.net
server65.whatsapp.net
server66.whatsapp.net
server67.whatsapp.net
server68.whatsapp.net
server69.whatsapp.net
server7.whatsapp.net
server70.whatsapp.net
server71.whatsapp.net
server72.whatsapp.net
server73.whatsapp.net
server74.whatsapp.net
server75.whatsapp.net
server76.whatsapp.net
server77.whatsapp.net
server78.whatsapp.net
server79.whatsapp.net
server8.whatsapp.net
server80.whatsapp.net
server81.whatsapp.net
server82.whatsapp.net
server83.whatsapp.net
server84.whatsapp.net
server85.whatsapp.net
server86.whatsapp.net
server87.whatsapp.net
server88.whatsapp.net
server89.whatsapp.net
server9.whatsapp.net
server90.whatsapp.net
server91.whatsapp.net
server92.whatsapp.net
server93.whatsapp.net
server94.whatsapp.net
server95.whatsapp.net
server96.whatsapp.net
server97.whatsapp.net
server98.whatsapp.net
server99.whatsapp.net
smtp.wa.me
smtp.whatsapp.com
smtp.whatsapp.net
socket.wa.me
socket.whatsapp.com
socket.whatsapp.net
south.wa.me
south.whatsapp.com
south.whatsapp.net
static.wa.me
static.whatsapp.com
static.whatsapp.net
status.wa.me
status.whatsapp.com
status.whatsapp.net
stream.wa.me
stream.whatsapp.com
stream.whatsapp.net
support.wa.me
support.whatsapp.com
support.whatsapp.net
updates.wa.me
upload.wa.me
upload.whatsapp.com
upload.whatsapp.net
us.wa.me
us.whatsapp.com
us.whatsapp.net
v.wa.me
v.whatsapp.com
v.whatsapp.net
video.wa.me
video.whatsapp.com
video.whatsapp.net
voice.wa.me
voice.whatsapp.com
voice.whatsapp.net
vpn.wa.me
vpn.whatsapp.com
vpn.whatsapp.net
wa.me
web.wa.me
web.whatsapp.com
web.whatsapp.net
west.wa.me
west.whatsapp.com
west.whatsapp.net
whatsapp-cdn-shv-01.fbcdn.net
whatsapp-cdn-shv-1-1.fbcdn.net
whatsapp-cdn-shv-1-2.fbcdn.net
whatsapp-cdn-shv-1-3.fbcdn.net
whatsapp-cdn-shv-1-4.fbcdn.net
whatsapp-cdn-shv-1.fbcdn.net
whatsapp-cdn-shv-10.fbcdn.net
whatsapp-cdn-shv-2-1.fbcdn.net
whatsapp-cdn-shv-2-2.fbcdn.net
whatsapp-cdn-shv-2-3.fbcdn.net
whatsapp-cdn-shv-2-4.fbcdn.net
whatsapp-cdn-shv-2.fbcdn.net
whatsapp-cdn-shv-3-1.fbcdn.net
whatsapp-cdn-shv-3-2.fbcdn.net
whatsapp-cdn-shv-3-3.fbcdn.net
whatsapp-cdn-shv-3-4.fbcdn.net
whatsapp-cdn-shv-3.fbcdn.net
whatsapp-cdn-shv-4-1.fbcdn.net
whatsapp-cdn-shv-4-2.fbcdn.net
whatsapp-cdn-shv-4-3.fbcdn.net
whatsapp-cdn-shv-4-4.fbcdn.net
whatsapp-cdn-shv-4.fbcdn.net
whatsapp-cdn-shv-5.fbcdn.net
whatsapp-cdn-shv-6.fbcdn.net
whatsapp-cdn-shv-7.fbcdn.net
whatsapp-cdn-shv-8.fbcdn.net
whatsapp-cdn-shv-9.fbcdn.net
whatsapp-cdn-shv.fbcdn.net
whatsapp-cdn-shv.wa.me
whatsapp-chatd-01.fbcdn.net
whatsapp-chatd-1-1.fbcdn.net
whatsapp-chatd-1-2.fbcdn.net
whatsapp-chatd-1-3.fbcdn.net
whatsapp-chatd-1-4.fbcdn.net
whatsapp-chatd-1.fbcdn.net
whatsapp-chatd-10.fbcdn.net
whatsapp-chatd-2-1.fbcdn.net
whatsapp-chatd-2-2.fbcdn.net
whatsapp-chatd-2-3.fbcdn.net
whatsapp-chatd-2-4.fbcdn.net
whatsapp-chatd-2.fbcdn.net
whatsapp-chatd-3-1.fbcdn.net
whatsapp-chatd-3-2.fbcdn.net
whatsapp-chatd-3-3.fbcdn.net
whatsapp-chatd-3-4.fbcdn.net
whatsapp-chatd-3.fbcdn.net
whatsapp-chatd-4-1.fbcdn.net
whatsapp-chatd-4-2.fbcdn.net
whatsapp-chatd-4-3.fbcdn.net
whatsapp-chatd-4-4.fbcdn.net
whatsapp-chatd-4.fbcdn.net
whatsapp-chatd-5.fbcdn.net
whatsapp-chatd-6.fbcdn.net
whatsapp-chatd-7.fbcdn.net
whatsapp-chatd-8.fbcdn.net
whatsapp-chatd-9.fbcdn.net
whatsapp-chatd.fbcdn.net
whatsapp-chatd.wa.me
whatsapp.com
whatsapp.net
ws.wa.me
ws.whatsapp.com
ws.whatsapp.net
wss.wa.me
wss.whatsapp.com
wss.whatsapp.net
www.wa.me
www.whatsapp.com
www.whatsapp.net
wl.co
whatsappbrand.com
whatsapp.cc
whatsapp-plus.info
whatsapp-plus.me
whatsapp-plus.net
whatsapp.org
whatsapp.tv
whatsapp.info
faq.whatsapp.com
translate.whatsapp.com
dyn.web.whatsapp.com
m.whatsapp.com
w9.web.whatsapp.com
wwwl.whatsapp.com
blogl.whatsapp.com
my-od-3.whatsapp.com
web-t.whatsapp.com
acs-fallback.whatsapp.com
api-fallback.whatsapp.com
ftl.whatsapp.com
test-web.whatsapp.com
sjc.whatsapp.com
my-od-2.whatsapp.com
chat-fallback.whatsapp.com
dev-web-fallback.whatsapp.com
w2.web.whatsapp.com
b.whatsapp.com
dev-web-beta.whatsapp.com
lerequest-lookaside-fallback.whatsapp.com
w3.web.whatsapp.com
alpha.whatsapp.com
web-fallback.whatsapp.com
lerequest-fallback.whatsapp.com
dev-translate.whatsapp.com
c0.whatsapp.com
translate-fallback.whatsapp.com
graph.whatsapp.com
lerequest-lookaside.whatsapp.com
w7.web.whatsapp.com
lerequest.whatsapp.com
gamma.whatsapp.com
w1.web-t.whatsapp.com
betablog.whatsapp.com
account.whatsapp.com
v-fallback.whatsapp.com
blog-fallback.whatsapp.com
betal.whatsapp.com
w4.web-t.whatsapp.com
w1.web.whatsapp.com
my-od-4.whatsapp.com
w4.web.whatsapp.com
w6.web.whatsapp.com
payments-localisation.whatsapp.com
w5.web.whatsapp.com
faq-fallback.whatsapp.com
up.web.whatsapp.com
lerecords-fallback.whatsapp.com
w0.whatsapp.com
b-fallback.whatsapp.com
dev-web.whatsapp.com
ratings.whatsapp.com
w3.web-t.whatsapp.com
lerecords.whatsapp.com
www.xl.whatsapp.com
w2.web-t.whatsapp.com
ftl-fallback.whatsapp.com
my-od-5.whatsapp.com
acs.whatsapp.com
my-od-1.whatsapp.com
account-fallback.whatsapp.com
www-fallback.whatsapp.com
my-od.whatsapp.com
call-fallback.whatsapp.com
w8.web.whatsapp.com
test-web-fallback.whatsapp.com
e7.whatsapp.com
scontent.whatsapp.net
www-cdn.whatsapp.net
media-ecv1-1.cdn.whatsapp.net
media-phx1-1.cdn.whatsapp.net
media.flos9-1.fna.whatsapp.net
media.fmii5-1.fna.whatsapp.net
media.fprn4-1.fna.whatsapp.net
media.fthe8-1.fna.whatsapp.net
sonar.fbhz2-1.fna.whatsapp.net
sonar.fbzv1-1.fna.whatsapp.net
sonar.fcai2-1.fna.whatsapp.net
sonar.fcks1-1.fna.whatsapp.net
sonar.fmad3-5.fna.whatsapp.net
media.flnz1-1.fna.whatsapp.net
media.fdjj1-1.fna.whatsapp.net
media.flis3-1.fna.whatsapp.net
media-mad1-1.cdn.whatsapp.net
sonar.flpa1-1.fna.whatsapp.net
b.ns.whatsapp.net
media-cgk2-1.cdn.whatsapp.net
media.facc1-1.fna.whatsapp.net
media.fanf3-1.fna.whatsapp.net
media.fccj2-1.fna.whatsapp.net
media.fcgk12-1.fna.whatsapp.net
media.fktp1-1.fna.whatsapp.net
media.fpoj1-1.fna.whatsapp.net
media.fprn1-1.fna.whatsapp.net
media.fuio3-1.fna.whatsapp.net
media.fvno4-1.fna.whatsapp.net
media.fwzy1-1.fna.whatsapp.net
sonar.fbki1-1.fna.whatsapp.net
sonar.fgig7-1.fna.whatsapp.net
sonar.fmel5-1.fna.whatsapp.net
sonar.ftpf1-1.fna.whatsapp.net
media.faqp2-1.fna.whatsapp.net
media-fml20-1.cdn.whatsapp.net
sonar.fgig6-1.fna.whatsapp.net
fsgn4-1.fna.whatsapp.net
media.fabv2-1.fna.whatsapp.net
media.fcgk19-1.fna.whatsapp.net
media.fdur1-1.fna.whatsapp.net
media.fgye1-1.fna.whatsapp.net
media.fhaj1-1.fna.whatsapp.net
media.fupg3-1.fna.whatsapp.net
sonar.fbey4-1.fna.whatsapp.net
sonar.fxds1-1.fna.whatsapp.net
sonar.fzih1-1.fna.whatsapp.net
media.fdad2-1.fna.whatsapp.net
media.fudi1-1.fna.whatsapp.net
media-qro1-2.cdn.whatsapp.net
media.fclj1-1.fna.whatsapp.net
media.flhe13-1.fna.whatsapp.net
media.flyp2-1.fna.whatsapp.net
media.fmlm1-1.fna.whatsapp.net
media.fstu1-2.fna.whatsapp.net
mmi450.whatsapp.net
mmi677.whatsapp.net
sonar.fbre2-1.fna.whatsapp.net
sonar.fgla1-1.fna.whatsapp.net
sonar.fpnh7-1.fna.whatsapp.net
sonar.fsju1-1.fna.whatsapp.net
sonar.fvvi1-1.fna.whatsapp.net
media.fcnq2-2.fna.whatsapp.net
fkut1-1.fna.whatsapp.net
flhr1-2.fna.whatsapp.net
media.famd7-1.fna.whatsapp.net
media.fbda2-1.fna.whatsapp.net
media.fbsr4-1.fna.whatsapp.net
media.fcen1-1.fna.whatsapp.net
media.fdok2-1.fna.whatsapp.net
media.fgru5-1.fna.whatsapp.net
media.fisu2-1.fna.whatsapp.net
media.flis5-1.fna.whatsapp.net
media.flos2-1.fna.whatsapp.net
media.fnat3-1.fna.whatsapp.net
media.fros9-1.fna.whatsapp.net
media.fslc2-1.fna.whatsapp.net
media.fyvr4-1.fna.whatsapp.net
media.fyxd2-1.fna.whatsapp.net
mmi446.whatsapp.net
mmsx.whatsapp.net
sonar.fasu4-1.fna.whatsapp.net
sonar.fmid1-2.fna.whatsapp.net
sonar.fmvf2-1.fna.whatsapp.net
sonar.ftlv6-1.fna.whatsapp.net
sonar.fubt2-1.fna.whatsapp.net
sonar.fyvr1-1.fna.whatsapp.net
media.fssa12-1.fna.whatsapp.net
media.fvvi1-2.fna.whatsapp.net
media.fpom1-1.fna.whatsapp.net
media.fuio13-1.fna.whatsapp.net
fykz1-1.fna.whatsapp.net
media.fboi1-1.fna.whatsapp.net
media.fclj2-1.fna.whatsapp.net
media.fcok1-1.fna.whatsapp.net
media.fgnm4-1.fna.whatsapp.net
media.fhga1-1.fna.whatsapp.net
media.fjib1-2.fna.whatsapp.net
media.fkul15-1.fna.whatsapp.net
media.fmii7-1.fna.whatsapp.net
media.fsmt1-1.fna.whatsapp.net
mmi336.whatsapp.net
sonar.fbdo1-1.fna.whatsapp.net
sonar.fblr4-2.fna.whatsapp.net
sonar.fpnq4-1.fna.whatsapp.net
sonar.fxap4-1.fna.whatsapp.net
sonar-cgk1-1.cdn.whatsapp.net
webtp.whatsapp.net
my-od-3.whatsapp.net
sonar.frun2-1.fna.whatsapp.net
fpoa13-1.fna.whatsapp.net
media-cgk2-2.cdn.whatsapp.net
media.fbho3-1.fna.whatsapp.net
media.fbkk9-2.fna.whatsapp.net
media.fclo8-1.fna.whatsapp.net
media.fkgl3-1.fna.whatsapp.net
media.fmji1-1.fna.whatsapp.net
media.fmnl10-1.fna.whatsapp.net
mmi281.whatsapp.net
mmi452.whatsapp.net
sonar.ffbe1-1.fna.whatsapp.net
sonar.flyp1-1.fna.whatsapp.net
sonar.fntr6-2.fna.whatsapp.net
sonar.fpku2-1.fna.whatsapp.net
sonar.fpnh5-1.fna.whatsapp.net
external.whatsapp.net
media.fcxj3-1.fna.whatsapp.net
media.fdar6-1.fna.whatsapp.net
media.fmlg1-1.fna.whatsapp.net
media.fphx1-1.fna.whatsapp.net
sonar.fotp3-3.fna.whatsapp.net
sonar.fsod8-1.fna.whatsapp.net
media-hbe.cdn.whatsapp.net
media.fbts1-1.fna.whatsapp.net
media.fkhi3-1.fna.whatsapp.net
media.fpzs1-1.fna.whatsapp.net
media.fqnv4-1.fna.whatsapp.net
mmi443.whatsapp.net
sonar.fbpg1-1.fna.whatsapp.net
sonar.fmid2-1.fna.whatsapp.net
sonar.ftpa1-1.fna.whatsapp.net
sonar.fpom1-1.fna.whatsapp.net
media.flad3-1.fna.whatsapp.net
sonar.fjai2-1.fna.whatsapp.net
media-cdg.cdn.whatsapp.net
media.fsgn6-2.fna.whatsapp.net
media-del3-2.cdn.whatsapp.net
media.fesb6-1.fna.whatsapp.net
media.frpr1-1.fna.whatsapp.net
media.fsjk6-1.fna.whatsapp.net
mmi749.whatsapp.net
sonar.fdel1-3.fna.whatsapp.net
sonar.fist4-1.fna.whatsapp.net
sonar.flju1-1.fna.whatsapp.net
sonar.fpet3-1.fna.whatsapp.net
sonar.fphx1-3.fna.whatsapp.net
media-ccu.cdn.whatsapp.net
media.fcac4-1.fna.whatsapp.net
sonar.fhea1-1.fna.whatsapp.net
media.fpdg1-1.fna.whatsapp.net
media.fbah7-1.fna.whatsapp.net
media.fmad7-1.fna.whatsapp.net
media.fvix5-1.fna.whatsapp.net
sonar-pnq1-1.cdn.whatsapp.net
sonar.fatf1-1.fna.whatsapp.net
sonar.fbcn8-1.fna.whatsapp.net
sonar.fbma3-1.fna.whatsapp.net
sonar.fcau1-1.fna.whatsapp.net
sonar.fdar5-1.fna.whatsapp.net
sonar.fnbo2-1.fna.whatsapp.net
sonar.frba3-1.fna.whatsapp.net
sonar.fsaw1-2.fna.whatsapp.net
sonar.fsdv2-1.fna.whatsapp.net
media.fsbz1-2.fna.whatsapp.net
fbgw25-1.fna.whatsapp.net
media.fada1-1.fna.whatsapp.net
media.fbhx3-1.fna.whatsapp.net
media.fbud2-1.fna.whatsapp.net
media.febb6-1.fna.whatsapp.net
media.fmnl4-1.fna.whatsapp.net
media.fsan1-2.fna.whatsapp.net
media.fthe9-1.fna.whatsapp.net
media.futp1-1.fna.whatsapp.net
media.fvix2-2.fna.whatsapp.net
media.fyka1-1.fna.whatsapp.net
sonar.fkut1-1.fna.whatsapp.net
sonar.fmji1-1.fna.whatsapp.net
sonar.fpoj3-1.fna.whatsapp.net
media.fecn1-1.fna.whatsapp.net
media-hkg.cdn.whatsapp.net
media.flbv4-1.fna.whatsapp.net
media-mnl1-2.cdn.whatsapp.net
c.ns.whatsapp.net
media-mct1-2.cdn.whatsapp.net
media.fanu1-1.fna.whatsapp.net
media.fbhi2-1.fna.whatsapp.net
media.fbom17-1.fna.whatsapp.net
media.fcor10-3.fna.whatsapp.net
media.fiqt1-1.fna.whatsapp.net
media.fmcz9-1.fna.whatsapp.net
media.fmex10-2.fna.whatsapp.net
media.fsjj2-1.fna.whatsapp.net
media.ftse1-1.fna.whatsapp.net
mmi660.whatsapp.net
sonar.fceb2-2.fna.whatsapp.net
sonar.fmex4-1.fna.whatsapp.net
feoh5-1.fna.whatsapp.net
fmel8-1.fna.whatsapp.net
media-lax3-1.cdn.whatsapp.net
media.fdet1-1.fna.whatsapp.net
media.fgnm5-1.fna.whatsapp.net
media.flbv2-1.fna.whatsapp.net
media.fmnl4-6.fna.whatsapp.net
media.ftlc1-1.fna.whatsapp.net
media.fudi1-2.fna.whatsapp.net
media.fyaw1-1.fna.whatsapp.net
mmi496.whatsapp.net
sonar.fadl6-1.fna.whatsapp.net
sonar.famd1-2.fna.whatsapp.net
sonar.fbhi3-2.fna.whatsapp.net
sonar.fcgk9-2.fna.whatsapp.net
sonar.fdet1-2.fna.whatsapp.net
sonar.fhre1-1.fna.whatsapp.net
sonar.fkrt2-1.fna.whatsapp.net
sonar.fmmx3-1.fna.whatsapp.net
sonar.fotp1-1.fna.whatsapp.net
sonar.fpoj1-1.fna.whatsapp.net
sonar.fvix6-1.fna.whatsapp.net
media.faju9-1.fna.whatsapp.net
media.fbkk8-3.fna.whatsapp.net
media.fdel12-1.fna.whatsapp.net
media.fmuc3-1.fna.whatsapp.net
media.fsra1-1.fna.whatsapp.net
media.fvcp2-1.fna.whatsapp.net
sonar.famm3-2.fna.whatsapp.net
sonar.fdtm2-2.fna.whatsapp.net
sonar.fgau1-1.fna.whatsapp.net
sonar.fgru6-1.fna.whatsapp.net
sonar.fixc5-1.fna.whatsapp.net
sonar.fmga3-1.fna.whatsapp.net
sonar.frec8-1.fna.whatsapp.net
v2.whatsapp.net
media.fbhz4-1.fna.whatsapp.net
media.fcpv6-1.fna.whatsapp.net
media.fmxp4-1.fna.whatsapp.net
sonar.fjog1-1.fna.whatsapp.net
fcks1-1.fna.whatsapp.net
media.fakx2-1.fna.whatsapp.net
media.fcra1-1.fna.whatsapp.net
media.fhan2-4.fna.whatsapp.net
media.fisb6-1.fna.whatsapp.net
media.fisu8-1.fna.whatsapp.net
media.fmex12-1.fna.whatsapp.net
media.fpoz2-1.fna.whatsapp.net
media.fsyd8-1.fna.whatsapp.net
sonar.fbey2-1.fna.whatsapp.net
sonar.fmct6-1.fna.whatsapp.net
media.fops1-1.fna.whatsapp.net
sonar.fgyn3-1.fna.whatsapp.net
media.fbdo6-2.fna.whatsapp.net
media.fakl1-1.fna.whatsapp.net
media.faua1-1.fna.whatsapp.net
media.fbkk12-1.fna.whatsapp.net
media.fcgh23-1.fna.whatsapp.net
media.fcks2-1.fna.whatsapp.net
media.fgel4-1.fna.whatsapp.net
media.fhrk2-1.fna.whatsapp.net
media.fiev21-1.fna.whatsapp.net
media.fixm3-1.fna.whatsapp.net
media.fmvd1-1.fna.whatsapp.net
media.fods3-1.fna.whatsapp.net
media.fpoa23-1.fna.whatsapp.net
media.frec13-1.fna.whatsapp.net
media.fsvg2-1.fna.whatsapp.net
media.fupg2-1.fna.whatsapp.net
sonar.fbda2-1.fna.whatsapp.net
sonar.fcgk13-1.fna.whatsapp.net
sonar.flis3-1.fna.whatsapp.net
sonar.fuba1-1.fna.whatsapp.net
media.flhe1-1.fna.whatsapp.net
media-det.cdn.whatsapp.net
media.faal2-1.fna.whatsapp.net
media.fcau9-1.fna.whatsapp.net
media.fcpq5-1.fna.whatsapp.net
media.fdkr2-1.fna.whatsapp.net
media.fisu6-1.fna.whatsapp.net
media.flwo4-1.fna.whatsapp.net
media.fops2-1.fna.whatsapp.net
media.frao1-1.fna.whatsapp.net
media.fssa3-1.fna.whatsapp.net
media.ftia6-1.fna.whatsapp.net
mmi448.whatsapp.net
sonar-hel3-1.cdn.whatsapp.net
sonar.fbom6-1.fna.whatsapp.net
sonar.ffjr1-2.fna.whatsapp.net
sonar.fhsv1-1.fna.whatsapp.net
sonar.fitb1-1.fna.whatsapp.net
sonar.fria4-1.fna.whatsapp.net
media.fqcj1-1.fna.whatsapp.net
media.fvcp1-1.fna.whatsapp.net
fbga1-3.fna.whatsapp.net
fbos1-2.fna.whatsapp.net
ffor2-1.fna.whatsapp.net
fsub6-1.fna.whatsapp.net
media-gru.cdn.whatsapp.net
media-lis1-1.cdn.whatsapp.net
media.facc4-1.fna.whatsapp.net
media.fbdq2-1.fna.whatsapp.net
media.fbed1-1.fna.whatsapp.net
media.fbel4-1.fna.whatsapp.net
media.fdoh5-1.fna.whatsapp.net
media.feoh1-1.fna.whatsapp.net
media.fgig3-1.fna.whatsapp.net
media.fgvr3-1.fna.whatsapp.net
media.fham4-1.fna.whatsapp.net
media.fiev9-1.fna.whatsapp.net
media.fkwi3-1.fna.whatsapp.net
media.flcj1-1.fna.whatsapp.net
media.fmii4-1.fna.whatsapp.net
media.fnkc1-1.fna.whatsapp.net
nmedia.feoh3-1.fna.whatsapp.net
r.whatsapp.net
sonar-mty.cdn.whatsapp.net
sonar.faju8-1.fna.whatsapp.net
sonar.fdel29-1.fna.whatsapp.net
media.fbfh12-1.fna.whatsapp.net
kaios-fallback.whatsapp.net
sonar-lhr.cdn.whatsapp.net
nw81530a9f1kxhogkgd-gm3dgmbvgq2timrx.snr.whatsapp.net
media.fdkr1-1.fna.whatsapp.net
media.frix1-1.fna.whatsapp.net
media.fvix2-1.fna.whatsapp.net
mmi335.whatsapp.net
mmi698.whatsapp.net
sonar.fldb2-2.fna.whatsapp.net
sonar.fotp3-2.fna.whatsapp.net
media.faux1-1.fna.whatsapp.net
media.fcha1-1.fna.whatsapp.net
sonar-scl2-1.cdn.whatsapp.net
sonar.fatm2-1.fna.whatsapp.net
sonar.fdel1-4.fna.whatsapp.net
sonar.ffbm1-1.fna.whatsapp.net
sonar.flhe6-1.fna.whatsapp.net
sonar.fpvh2-1.fna.whatsapp.net
media.fcgp7-1.fna.whatsapp.net
media-otp.cdn.whatsapp.net
media.fcai1-1.fna.whatsapp.net
media.fpfb4-1.fna.whatsapp.net
media.ftip3-1.fna.whatsapp.net
media.fval2-1.fna.whatsapp.net
mmi303.whatsapp.net
sonar-xxc.cdn.whatsapp.net
sonar.fist7-2.fna.whatsapp.net
sonar.fkwi5-1.fna.whatsapp.net
sonar.fnag1-2.fna.whatsapp.net
sonar.frec4-1.fna.whatsapp.net
sonar.fslz5-1.fna.whatsapp.net
media-gig4-1.cdn.whatsapp.net
sonar.fmvd2-1.fna.whatsapp.net
sonar.fbnu4-1.fna.whatsapp.net
sonar.fmab1-1.fna.whatsapp.net
media.ffln1-1.fna.whatsapp.net
sonar-hkg4-1.cdn.whatsapp.net
flim1-2.fna.whatsapp.net
fsjk3-1.fna.whatsapp.net
media.fbsb11-1.fna.whatsapp.net
media.fcrd2-1.fna.whatsapp.net
media.fgbb1-1.fna.whatsapp.net
media.fgyd6-1.fna.whatsapp.net
media.fhlz2-1.fna.whatsapp.net
media.flhe11-1.fna.whatsapp.net
media.fsin1-1.fna.whatsapp.net
mmi263.whatsapp.net
sonar.fdur1-1.fna.whatsapp.net
sonar.fjdf2-1.fna.whatsapp.net
sonar.fsod1-1.fna.whatsapp.net
sonar.fsod9-1.fna.whatsapp.net
sonar.fvix1-1.fna.whatsapp.net
media-sin2-2.cdn.whatsapp.net
b.ns.cdn.whatsapp.net
fawz1-1.fna.whatsapp.net
media-waw2-2.cdn.whatsapp.net
media.fcgk7-1.fna.whatsapp.net
media.fdti1-1.fna.whatsapp.net
media.ffec2-1.fna.whatsapp.net
media.fhyd8-1.fna.whatsapp.net
media.fkiv2-1.fna.whatsapp.net
media.fldb1-1.fna.whatsapp.net
mmi406.whatsapp.net
sonar-maa2-1.cdn.whatsapp.net
sonar.fcgk4-1.fna.whatsapp.net
sonar.fkhi4-1.fna.whatsapp.net
sonar.fman1-1.fna.whatsapp.net
sonar.fmct3-1.fna.whatsapp.net
sonar.fpnh5-3.fna.whatsapp.net
sonar.fsaw2-1.fna.whatsapp.net
sonar.ftsr1-2.fna.whatsapp.net
media.fsof4-1.fna.whatsapp.net
nmedia.fzty2-1.fna.whatsapp.net
fsaw1-7.fna.whatsapp.net
media-bom5-2.cdn.whatsapp.net
media-del1-2.cdn.whatsapp.net
media-fra3-2.cdn.whatsapp.net
media-scl3-1.cdn.whatsapp.net
media.fanu2-1.fna.whatsapp.net
media.faqa3-1.fna.whatsapp.net
media.fkul2-2.fna.whatsapp.net
media.fmdq1-1.fna.whatsapp.net
media.fpen1-1.fna.whatsapp.net
media.fsdu1-1.fna.whatsapp.net
media.fsdu3-1.fna.whatsapp.net
mmi474.whatsapp.net
sonar.fbat1-1.fna.whatsapp.net
sonar.fbrc1-1.fna.whatsapp.net
sonar.fcbb1-2.fna.whatsapp.net
sonar.ftxl3-1.fna.whatsapp.net
sonar.fist2-1.fna.whatsapp.net
sonar.ftjl1-1.fna.whatsapp.net
media.ffor5-1.fna.whatsapp.net
media.fdoh1-1.fna.whatsapp.net
media.fogl2-1.fna.whatsapp.net
media.fpos9-1.fna.whatsapp.net
media.frgl1-1.fna.whatsapp.net
media.ftpa1-2.fna.whatsapp.net
sonar.fclo1-2.fna.whatsapp.net
media-fco.cdn.whatsapp.net
media.faep18-1.fna.whatsapp.net
media.fdel25-1.fna.whatsapp.net
media.fesb3-1.fna.whatsapp.net
media.flec1-1.fna.whatsapp.net
media.fslz4-1.fna.whatsapp.net
sonar.fadl5-1.fna.whatsapp.net
sonar.fjog3-1.fna.whatsapp.net
sonar.fsyd8-1.fna.whatsapp.net
media.fmvf2-1.fna.whatsapp.net
media.fbgx1-1.fna.whatsapp.net
media.fbsb6-1.fna.whatsapp.net
media.fdet2-1.fna.whatsapp.net
media.flfw1-1.fna.whatsapp.net
media.fmid1-1.fna.whatsapp.net
media.fpnq4-1.fna.whatsapp.net
media.ftrv1-1.fna.whatsapp.net
sonar-lcy.cdn.whatsapp.net
sonar.fmad8-1.fna.whatsapp.net
sonar.fmnl4-2.fna.whatsapp.net
sonar.fmnl6-2.fna.whatsapp.net
media.fuio17-1.fna.whatsapp.net
sonar-yyz1-1.cdn.whatsapp.net
media.fbhz5-1.fna.whatsapp.net
media.fcgk17-1.fna.whatsapp.net
media.ftrd2-1.fna.whatsapp.net
media.fyyc6-1.fna.whatsapp.net
media.fyyz2-1.fna.whatsapp.net
sonar-ber.cdn.whatsapp.net
sonar.fcwb1-1.fna.whatsapp.net
sonar.fjoi1-1.fna.whatsapp.net
sonar.ftuc1-2.fna.whatsapp.net
sonar.fvix4-2.fna.whatsapp.net
pps-fallback.whatsapp.net
sonar.fist3-1.fna.whatsapp.net
d4.whatsapp.net
media.fasu2-1.fna.whatsapp.net
media.fbog8-1.fna.whatsapp.net
media.fdac17-1.fna.whatsapp.net
media.fdla2-1.fna.whatsapp.net
media.fktm1-1.fna.whatsapp.net
media.foyo1-1.fna.whatsapp.net
media.fpku1-2.fna.whatsapp.net
media.fpos3-1.fna.whatsapp.net
media.fstv4-1.fna.whatsapp.net
media.ftun2-1.fna.whatsapp.net
nmedia.fdel13-1.fna.whatsapp.net
sonar-fra3-1.cdn.whatsapp.net
sonar-frx5-1.cdn.whatsapp.net
sonar.fagu1-1.fna.whatsapp.net
sonar.fbts1-1.fna.whatsapp.net
sonar.ffor4-2.fna.whatsapp.net
sonar.fjhb1-1.fna.whatsapp.net
media.fmla2-1.fna.whatsapp.net
media.fqps4-1.fna.whatsapp.net
sonar.fltn1-2.fna.whatsapp.net
media.fcgh15-1.fna.whatsapp.net
media.fcpv7-1.fna.whatsapp.net
media.ffln7-1.fna.whatsapp.net
media.fgnm3-1.fna.whatsapp.net
media.fgua3-2.fna.whatsapp.net
media.fjog2-1.fna.whatsapp.net
media.fjoi1-2.fna.whatsapp.net
media.fpbq1-1.fna.whatsapp.net
media.fsti4-1.fna.whatsapp.net
mmi667.whatsapp.net
sonar.fbbi2-1.fna.whatsapp.net
fsjp1-1.fna.whatsapp.net
media-hkg4-2.cdn.whatsapp.net
media.fbau5-1.fna.whatsapp.net
media.febb5-1.fna.whatsapp.net
media.febl8-1.fna.whatsapp.net
media.fgua6-1.fna.whatsapp.net
media.fhan3-2.fna.whatsapp.net
media.flko1-1.fna.whatsapp.net
media.fpap1-1.fna.whatsapp.net
media.frec8-1.fna.whatsapp.net
media.fsof3-1.fna.whatsapp.net
media.fvix4-1.fna.whatsapp.net
sonar.fams2-2.fna.whatsapp.net
sonar.fmcz9-1.fna.whatsapp.net
sonar.frgn3-1.fna.whatsapp.net
media-hbe1-2.cdn.whatsapp.net
nwd89975cf1kjx33lic-gi2tamjzgq3tsmd.snr.whatsapp.net
sonar.fccs5-1.fna.whatsapp.net
sonar.fsjo8-1.fna.whatsapp.net
media.fskp2-1.fna.whatsapp.net
fmvd4-1.fna.whatsapp.net
media-tpe1-1.cdn.whatsapp.net
media.fasu5-1.fna.whatsapp.net
media.fatm1-1.fna.whatsapp.net
media.febb1-1.fna.whatsapp.net
media.fgyd5-1.fna.whatsapp.net
media.fkgl1-1.fna.whatsapp.net
media.flim5-3.fna.whatsapp.net
media.fsac1-1.fna.whatsapp.net
media.fsjk5-1.fna.whatsapp.net
media.fwaw3-2.fna.whatsapp.net
media.fwzy2-1.fna.whatsapp.net
sonar.fdad3-3.fna.whatsapp.net
sonar.fjoi1-2.fna.whatsapp.net
sonar.fjpa2-1.fna.whatsapp.net
sonar.flhe9-1.fna.whatsapp.net
sonar.fmvd3-1.fna.whatsapp.net
sonar.fpac2-2.fna.whatsapp.net
sonar.fssa2-1.fna.whatsapp.net
sonar.fcpv8-1.fna.whatsapp.net
sonar.fskg3-1.fna.whatsapp.net
media-mnl3-2.cdn.whatsapp.net
media.fbkk4-1.fna.whatsapp.net
media.fbog10-1.fna.whatsapp.net
media.fdub3-1.fna.whatsapp.net
media.ffra2-1.fna.whatsapp.net
media.fhkg4-2.fna.whatsapp.net
media.flwo2-1.fna.whatsapp.net
media.fplm1-1.fna.whatsapp.net
mmi290.whatsapp.net
mmi440.whatsapp.net
sonar.fdiq3-1.fna.whatsapp.net
sonar.forg1-1.fna.whatsapp.net
media.faju2-1.fna.whatsapp.net
sonar.fvix3-1.fna.whatsapp.net
media.fqps3-1.fna.whatsapp.net
fsdu2-1.fna.whatsapp.net
media-lim.cdn.whatsapp.net
media.faep8-1.fna.whatsapp.net
media.faju11-1.fna.whatsapp.net
media.fcmb3-1.fna.whatsapp.net
media.fdac10-1.fna.whatsapp.net
media.fkul2-1.fna.whatsapp.net
media.flwo3-1.fna.whatsapp.net
media.frao2-1.fna.whatsapp.net
qa.fsgn5-3.fna.whatsapp.net
sonar-cpt1-1.cdn.whatsapp.net
sonar-ord5-2.cdn.whatsapp.net
sonar.fbkk2-7.fna.whatsapp.net
sonar.fbru1-1.fna.whatsapp.net
sonar.fgdl4-1.fna.whatsapp.net
media-dus1-1.cdn.whatsapp.net
sonar-nrt1-1.cdn.whatsapp.net
sonar.fblr8-1.fna.whatsapp.net
sonar.fesb3-1.fna.whatsapp.net
media-doh1-1.cdn.whatsapp.net
media.fuba1-1.fna.whatsapp.net
media.fcoo2-2.fna.whatsapp.net
media.fktw1-1.fna.whatsapp.net
media.fmdl2-1.fna.whatsapp.net
media.fpoo2-1.fna.whatsapp.net
media.fsbj1-1.fna.whatsapp.net
media.fsez2-1.fna.whatsapp.net
mmi725.whatsapp.net
sonar.fjed4-3.fna.whatsapp.net
sonar.fktm3-1.fna.whatsapp.net
sonar.fnbo6-1.fna.whatsapp.net
sonar.fruh4-3.fna.whatsapp.net
sonar.fmpm2-1.fna.whatsapp.net
media.feze1-1.fna.whatsapp.net
media.fcmb2-1.fna.whatsapp.net
media.fist6-2.fna.whatsapp.net
media.fjrs11-1.fna.whatsapp.net
media.fruh4-5.fna.whatsapp.net
mmi709.whatsapp.net
mmi715.whatsapp.net
nmedia.fprg2-1.fna.whatsapp.net
sonar.fcgh7-1.fna.whatsapp.net
sonar.febb6-1.fna.whatsapp.net
sonar.foem1-1.fna.whatsapp.net
media-bkk.cdn.whatsapp.net
media.frai2-2.fna.whatsapp.net
sonar.fclv3-1.fna.whatsapp.net
fkin1-1.fna.whatsapp.net
media-git.fvno1-1.fna.whatsapp.net
media.fbho4-1.fna.whatsapp.net
media.fbkk5-8.fna.whatsapp.net
media.fcgh3-1.fna.whatsapp.net
media.fcgk9-1.fna.whatsapp.net
media.fdps1-1.fna.whatsapp.net
media.ffor13-1.fna.whatsapp.net
media.fkbl5-1.fna.whatsapp.net
media.fymq1-2.fna.whatsapp.net
mmi296.whatsapp.net
sonar-del2-1.cdn.whatsapp.net
sonar.fcac5-1.fna.whatsapp.net
sonar.febb1-1.fna.whatsapp.net
sonar.figu1-1.fna.whatsapp.net
sonar.fkgl2-2.fna.whatsapp.net
sonar.ford4-1.fna.whatsapp.net
sonar.fpet4-1.fna.whatsapp.net
sonar.ftlv2-1.fna.whatsapp.net
media-yyz1-1.cdn.whatsapp.net
media.ftpe8-1.fna.whatsapp.net
media.febl2-1.fna.whatsapp.net
faly1-1.fna.whatsapp.net
media.fbeg5-1.fna.whatsapp.net
media.fdac23-1.fna.whatsapp.net
media.fmnl14-1.fna.whatsapp.net
media.foua2-1.fna.whatsapp.net
media.fstv2-1.fna.whatsapp.net
mmi469.whatsapp.net
sonar-iev1-1.cdn.whatsapp.net
sonar.fbau3-1.fna.whatsapp.net
sonar.fblr2-1.fna.whatsapp.net
sonar.fgci1-1.fna.whatsapp.net
sonar.fhan2-1.fna.whatsapp.net
sonar.fmid1-1.fna.whatsapp.net
sonar.fpcs1-1.fna.whatsapp.net
sonar.frnd1-1.fna.whatsapp.net
sonar.fruh4-4.fna.whatsapp.net
sonar.fsod7-1.fna.whatsapp.net
sonar.fsti4-2.fna.whatsapp.net
media.faqp3-1.fna.whatsapp.net
wa9842a181-ha4tonzvha4dmob.snr.whatsapp.net
sonar.fpac1-1.fna.whatsapp.net
media-gru2-2.cdn.whatsapp.net
media.fcmn2-1.fna.whatsapp.net
sonar.fmzt1-1.fna.whatsapp.net
sonar.fpll4-1.fna.whatsapp.net
media-mia3-2.cdn.whatsapp.net
media.fath3-3.fna.whatsapp.net
media.fdub2-4.fna.whatsapp.net
media.ffor4-2.fna.whatsapp.net
media.fgdl2-1.fna.whatsapp.net
media.fgye13-1.fna.whatsapp.net
media.fjed2-1.fna.whatsapp.net
media.fkwi2-2.fna.whatsapp.net
media.fnjf9-1.fna.whatsapp.net
media.fsjo8-1.fna.whatsapp.net
sonar.fcha1-1.fna.whatsapp.net
sonar.fcue2-1.fna.whatsapp.net
sonar.fdoh4-1.fna.whatsapp.net
sonar.fham1-1.fna.whatsapp.net
sonar.fmaa5-1.fna.whatsapp.net
media.fhnd2-3.fna.whatsapp.net
mmx-ds.cdn.whatsapp.net
sonar.fmxp6-1.fna.whatsapp.net
flun3-1.fna.whatsapp.net
media.fadl3-1.fna.whatsapp.net
media.fbsb7-1.fna.whatsapp.net
media.fcmb1-1.fna.whatsapp.net
media.fdac27-1.fna.whatsapp.net
media.feoh2-1.fna.whatsapp.net
media.fjoi4-1.fna.whatsapp.net
media.fkno4-1.fna.whatsapp.net
media.fnat1-1.fna.whatsapp.net
media.fosl3-1.fna.whatsapp.net
media.fsaw1-9.fna.whatsapp.net
mmi664.whatsapp.net
sonar.fagr1-1.fna.whatsapp.net
sonar.fkin1-1.fna.whatsapp.net
sonar.fldb7-1.fna.whatsapp.net
sonar.fluh1-1.fna.whatsapp.net
sonar.fsvq1-2.fna.whatsapp.net
sonar.fwzy2-1.fna.whatsapp.net
media.fubt1-1.fna.whatsapp.net
nmedia.frec2-1.fna.whatsapp.net
sonar.frdp1-1.fna.whatsapp.net
sonar.fskg1-2.fna.whatsapp.net
sonar.fwaw7-1.fna.whatsapp.net
boxmedia.ftlc1-1.fna.whatsapp.net
fams1-2.fna.whatsapp.net
media-hkt1-1.cdn.whatsapp.net
media.fcpt4-1.fna.whatsapp.net
media.fksc1-1.fna.whatsapp.net
media.flpb1-1.fna.whatsapp.net
media.fmxp6-1.fna.whatsapp.net
mediajune.fvga1-1.fna.whatsapp.net
sonar-itm.cdn.whatsapp.net
sonar-sea1-1.cdn.whatsapp.net
sonar.fgpb1-1.fna.whatsapp.net
sonar.fmba1-1.fna.whatsapp.net
dit.whatsapp.net
media-tpe.cdn.whatsapp.net
media.fbel7-1.fna.whatsapp.net
media.fwlg2-1.fna.whatsapp.net
sonar.fcfc1-1.fna.whatsapp.net
fsaw1-2.fna.whatsapp.net
media.fbeg4-1.fna.whatsapp.net
media.fbey4-1.fna.whatsapp.net
media.fbgw2-1.fna.whatsapp.net
media.fcgp4-1.fna.whatsapp.net
media.ffor35-1.fna.whatsapp.net
media.fgua2-1.fna.whatsapp.net
media.fios3-1.fna.whatsapp.net
media.flhe10-1.fna.whatsapp.net
media.fmcz1-1.fna.whatsapp.net
media.fpus1-1.fna.whatsapp.net
media.ftza1-1.fna.whatsapp.net
nmedia.fykz1-1.fna.whatsapp.net
sonar.fbnu1-1.fna.whatsapp.net
sonar.fbtz1-4.fna.whatsapp.net
sonar.frao1-1.fna.whatsapp.net
media.fdti2-1.fna.whatsapp.net
crashlogs.whatsapp.net
sonar-sof.cdn.whatsapp.net
sonar.fxap1-1.fna.whatsapp.net
fpac2-1.fna.whatsapp.net
media-lcy1-1.cdn.whatsapp.net
media.fbog4-1.fna.whatsapp.net
sonar-tir3-4.cdn.whatsapp.net
sonar.facc5-1.fna.whatsapp.net
sonar.fbog2-1.fna.whatsapp.net
sonar.ffsd1-1.fna.whatsapp.net
sonar.fgyd1-1.fna.whatsapp.net
sonar.fkch1-1.fna.whatsapp.net
sonar.fkik6-1.fna.whatsapp.net
sonar.fqnv5-1.fna.whatsapp.net
sonar.fscx1-1.fna.whatsapp.net
media.fhrk5-2.fna.whatsapp.net
sonar-iev.cdn.whatsapp.net
media.fhkg5-1.fna.whatsapp.net
fupg1-1.fna.whatsapp.net
media.fadl5-1.fna.whatsapp.net
media.fakl2-1.fna.whatsapp.net
media.fbah3-1.fna.whatsapp.net
media.fiev2-1.fna.whatsapp.net
media.fkwi1-1.fna.whatsapp.net
media.fmaa1-4.fna.whatsapp.net
media.fnyc1-1.fna.whatsapp.net
media.frao1-2.fna.whatsapp.net
media.fxry1-2.fna.whatsapp.net
mmi249.whatsapp.net
sonar.fdac3-1.fna.whatsapp.net
sonar.fqcj3-1.fna.whatsapp.net
media.fatf1-1.fna.whatsapp.net
sonar.fdla2-1.fna.whatsapp.net
sonar.froo1-1.fna.whatsapp.net
media.fvix3-1.fna.whatsapp.net
brasil-media.fhfa1-1.fna.whatsapp.net
fbey10-1.fna.whatsapp.net
media.fabj4-1.fna.whatsapp.net
media.fadb3-1.fna.whatsapp.net
media.fapq1-1.fna.whatsapp.net
media.fbze1-1.fna.whatsapp.net
media.fdel4-1.fna.whatsapp.net
media.fldb2-2.fna.whatsapp.net
media.fmex15-1.fna.whatsapp.net
media.fnqn2-2.fna.whatsapp.net
media.frgn2-1.fna.whatsapp.net
mmi267.whatsapp.net
mmi331.whatsapp.net
sonar.fasu6-1.fna.whatsapp.net
sonar.fbaq4-1.fna.whatsapp.net
sonar.fbfh3-3.fna.whatsapp.net
sonar.fccm5-1.fna.whatsapp.net
sonar.fcnx3-1.fna.whatsapp.net
sonar.fjnb8-1.fna.whatsapp.net
sonar.fmga2-1.fna.whatsapp.net
sonar.fpoz1-1.fna.whatsapp.net
sonar.fsap4-1.fna.whatsapp.net
sonar.fyhu2-1.fna.whatsapp.net
urlmedia.fmvd4-1.fna.whatsapp.net
sonar.fmle1-1.fna.whatsapp.net
fcgp10-1.fna.whatsapp.net
media.fbcn9-1.fna.whatsapp.net
media.fbda1-1.fna.whatsapp.net
media.fdet1-2.fna.whatsapp.net
media.firj1-1.fna.whatsapp.net
media.fixc4-1.fna.whatsapp.net
media.fkix2-1.fna.whatsapp.net
media.fmex7-2.fna.whatsapp.net
media.fslv1-2.fna.whatsapp.net
media.fupg5-1.fna.whatsapp.net
sonar-mia3-1.cdn.whatsapp.net
sonar.fhkg10-1.fna.whatsapp.net
media.fgyn4-1.fna.whatsapp.net
media.ffor18-1.fna.whatsapp.net
media.flec3-1.fna.whatsapp.net
media-del1-1.cdn.whatsapp.net
pantheon-media.fotp1-1.fna.whatsapp.net
fosl3-1.fna.whatsapp.net
media.fbaq7-1.fna.whatsapp.net
media.fbgi1-1.fna.whatsapp.net
media.fbko2-1.fna.whatsapp.net
media.fcmh1-1.fna.whatsapp.net
media.fcue3-1.fna.whatsapp.net
media.fcxo1-1.fna.whatsapp.net
media.fhan1-1.fna.whatsapp.net
media.fjoi5-1.fna.whatsapp.net
media.fmaa3-1.fna.whatsapp.net
media.fppy4-1.fna.whatsapp.net
media.frba2-1.fna.whatsapp.net
media.ftak1-1.fna.whatsapp.net
mmi415.whatsapp.net
sonar-yyz.cdn.whatsapp.net
sonar.fmvd4-1.fna.whatsapp.net
sonar.fpmo2-1.fna.whatsapp.net
sonar.fruh3-1.fna.whatsapp.net
sonar.fsbz1-1.fna.whatsapp.net
sonar.fkbl6-1.fna.whatsapp.net
media-eze.cdn.whatsapp.net
media.fblq2-1.fna.whatsapp.net
media.fbom1-2.fna.whatsapp.net
media.fist1-2.fna.whatsapp.net
media.fpso1-1.fna.whatsapp.net
media.fyvr2-1.fna.whatsapp.net
sonar.fdel2-1.fna.whatsapp.net
sonar.flim1-1.fna.whatsapp.net
sonar.fruh1-1.fna.whatsapp.net
media.fhan11-1.fna.whatsapp.net
media.fpnq1-2.fna.whatsapp.net
sonar.fada1-7.fna.whatsapp.net
sonar.fuio3-1.fna.whatsapp.net
fyto1-1.fna.whatsapp.net
media-blr1-2.cdn.whatsapp.net
media-bom1-1.cdn.whatsapp.net
media.fbos1-2.fna.whatsapp.net
media.fgza5-1.fna.whatsapp.net
media.fkno5-1.fna.whatsapp.net
media.flhe9-1.fna.whatsapp.net
media.fptz1-1.fna.whatsapp.net
media.fsaw2-2.fna.whatsapp.net
media.fssa10-1.fna.whatsapp.net
sonar.fccm1-1.fna.whatsapp.net
sonar.fgva1-1.fna.whatsapp.net
sonar.foal2-1.fna.whatsapp.net
media.ftru2-1.fna.whatsapp.net
sonar.fbwn2-1.fna.whatsapp.net
sonar.fbhz6-1.fna.whatsapp.net
w4e3801a91-guydgmjsgi4dcnb.snr.whatsapp.net
media.fbey17-1.fna.whatsapp.net
media.fdtm1-1.fna.whatsapp.net
media.fsnz1-1.fna.whatsapp.net
mmi251.whatsapp.net
sonar.fmex8-1.fna.whatsapp.net
sonar.fphl2-3.fna.whatsapp.net
media.fmci1-1.fna.whatsapp.net
media.fsal3-1.fna.whatsapp.net
sonar-mxp2-1.cdn.whatsapp.net
sonar.fbkk8-2.fna.whatsapp.net
sonar.fhkg3-1.fna.whatsapp.net
c.whatsapp.net
sonar.fcrq1-1.fna.whatsapp.net
media-hel3-1.cdn.whatsapp.net
media.ftpe5-1.fna.whatsapp.net
fapa1-1.fna.whatsapp.net
media.fbga3-1.fna.whatsapp.net
media.fcgk14-1.fna.whatsapp.net
media.fdps3-1.fna.whatsapp.net
media.fgru3-1.fna.whatsapp.net
media.fnic5-1.fna.whatsapp.net
sonar-nrt1-2.cdn.whatsapp.net
sonar-ort2-1.cdn.whatsapp.net
sonar.faru4-1.fna.whatsapp.net
sonar.fssa7-1.fna.whatsapp.net
sonar.fsdq1-1.fna.whatsapp.net
sonar.fvno2-1.fna.whatsapp.net
sonar.fbom5-1.fna.whatsapp.net
media.fbjl1-1.fna.whatsapp.net
sonar-mxp1-1.cdn.whatsapp.net
sonar.fmea2-1.fna.whatsapp.net
media-man2-1.cdn.whatsapp.net
media.fcrl2-1.fna.whatsapp.net
media.falg1-1.fna.whatsapp.net
media.fcnx1-1.fna.whatsapp.net
media.ffru2-1.fna.whatsapp.net
media.fmct5-1.fna.whatsapp.net
media.fvns2-1.fna.whatsapp.net
mmi102.whatsapp.net
sonar-xsp.cdn.whatsapp.net
sonar.faqa5-1.fna.whatsapp.net
sonar.fdnk5-1.fna.whatsapp.net
sonar.ffor1-2.fna.whatsapp.net
sonar.ffru7-1.fna.whatsapp.net
sonar.fops3-1.fna.whatsapp.net
sonar.fsaw2-2.fna.whatsapp.net
sonar.fsub6-3.fna.whatsapp.net
media.fasu3-1.fna.whatsapp.net
media.fbkk15-1.fna.whatsapp.net
media.fevn2-1.fna.whatsapp.net
media.flpa1-1.fna.whatsapp.net
media.fmoc1-1.fna.whatsapp.net
media.fmsq3-1.fna.whatsapp.net
media.fntr8-1.fna.whatsapp.net
media.fpbh1-1.fna.whatsapp.net
media.fpll1-1.fna.whatsapp.net
media.fplu10-1.fna.whatsapp.net
media.frgn3-1.fna.whatsapp.net
media.fstv3-1.fna.whatsapp.net
media.fuio4-1.fna.whatsapp.net
sonar.fblr9-1.fna.whatsapp.net
sonar.ffru1-1.fna.whatsapp.net
sonar.fria1-1.fna.whatsapp.net
sonar.fruh2-2.fna.whatsapp.net
sonar.fsig1-1.fna.whatsapp.net
sonar.fsin3-1.fna.whatsapp.net
media-ord.cdn.whatsapp.net
media-bsb.cdn.whatsapp.net
sonar.fjnb2-1.fna.whatsapp.net
fcpv6-1.fna.whatsapp.net
media.fdad3-1.fna.whatsapp.net
media.fhou1-1.fna.whatsapp.net
media.fmcz6-1.fna.whatsapp.net
media.fsaw3-1.fna.whatsapp.net
media.fssz4-1.fna.whatsapp.net
media.fstv1-1.fna.whatsapp.net
media.ftse2-1.fna.whatsapp.net
sonar-fml.cdn.whatsapp.net
sonar-tir3-2.cdn.whatsapp.net
sonar.fkhi10-1.fna.whatsapp.net
sonar.fpll1-1.fna.whatsapp.net
sonar.fsjk5-1.fna.whatsapp.net
sonar.ftgu2-1.fna.whatsapp.net
sonar.fuio5-1.fna.whatsapp.net
media.fssz2-1.fna.whatsapp.net
media.fagt1-1.fna.whatsapp.net
boards-media.fsaw1-1.fna.whatsapp.net
media.fgig10-1.fna.whatsapp.net
media.fhrk3-1.fna.whatsapp.net
media.flos10-1.fna.whatsapp.net
media.fmdc1-1.fna.whatsapp.net
media.fmoc4-1.fna.whatsapp.net
media.fmru2-1.fna.whatsapp.net
media.fthe4-1.fna.whatsapp.net
media.ftjl1-1.fna.whatsapp.net
media.ftjl2-1.fna.whatsapp.net
media.ftlv5-1.fna.whatsapp.net
media.fuio2-1.fna.whatsapp.net
mmv275.whatsapp.net
sonar.fhan7-1.fna.whatsapp.net
sonar.fnbo5-1.fna.whatsapp.net
sonar.fsjo9-1.fna.whatsapp.net
sonar.fsyd6-1.fna.whatsapp.net
sonar.fvno5-1.fna.whatsapp.net
euwmedia.fmxp1-1.fna.whatsapp.net
media-lga3-1.cdn.whatsapp.net
media.fccs4-1.fna.whatsapp.net
media.ffrc6-1.fna.whatsapp.net
media.fnsi2-1.fna.whatsapp.net
media.fsgn5-6.fna.whatsapp.net
media.fsjk1-1.fna.whatsapp.net
mmi282.whatsapp.net
sonar.fhfa1-1.fna.whatsapp.net
sonar.fmad7-1.fna.whatsapp.net
sonar.flis6-1.fna.whatsapp.net
media.fbga1-4.fna.whatsapp.net
sonar.fdoh6-1.fna.whatsapp.net
flap1-1.fna.whatsapp.net
frun2-1.fna.whatsapp.net
fsal2-1.fna.whatsapp.net
media-hkt1-2.cdn.whatsapp.net
media.fbjx1-3.fna.whatsapp.net
media.fbog15-1.fna.whatsapp.net
media.fecn6-1.fna.whatsapp.net
media.ffbe2-1.fna.whatsapp.net
media.fjrs1-1.fna.whatsapp.net
media.fmgf2-1.fna.whatsapp.net
media.fzrh2-1.fna.whatsapp.net
mmi242.whatsapp.net
mmi309.whatsapp.net
mmi468.whatsapp.net
sonar.fbcn5-2.fna.whatsapp.net
sonar.fbjm1-1.fna.whatsapp.net
sonar.fbsb7-1.fna.whatsapp.net
sonar.fbts2-1.fna.whatsapp.net
sonar.fdps2-1.fna.whatsapp.net
sonar.fgbb2-1.fna.whatsapp.net
sonar.flpb2-2.fna.whatsapp.net
sonar.fsjp8-1.fna.whatsapp.net
media-sin6-1.cdn.whatsapp.net
media.faju7-1.fna.whatsapp.net
media.fbgw9-1.fna.whatsapp.net
media.fbjp4-1.fna.whatsapp.net
media.fbkk13-1.fna.whatsapp.net
media.fdar1-1.fna.whatsapp.net
media.fkbl1-1.fna.whatsapp.net
media.flcy1-1.fna.whatsapp.net
media.fymq1-1.fna.whatsapp.net
sonar.fada1-8.fna.whatsapp.net
sonar.fbcn5-1.fna.whatsapp.net
sonar.fbog6-1.fna.whatsapp.net
sonar.fktp1-1.fna.whatsapp.net
sonar.fmex5-1.fna.whatsapp.net
media.fcdj1-1.fna.whatsapp.net
sonar.fbzv2-1.fna.whatsapp.net
sonar-mnl.cdn.whatsapp.net
media.fbog9-1.fna.whatsapp.net
sonar.flhe4-1.fna.whatsapp.net
fmel3-1.fna.whatsapp.net
media-iad.cdn.whatsapp.net
media.fbss1-1.fna.whatsapp.net
media.fccm8-1.fna.whatsapp.net
media.fcgb2-1.fna.whatsapp.net
media.fcph4-1.fna.whatsapp.net
media.ffor8-1.fna.whatsapp.net
media.fhkg13-1.fna.whatsapp.net
media.fhnd2-4.fna.whatsapp.net
media.fjrs8-1.fna.whatsapp.net
media.fkul12-1.fna.whatsapp.net
media.fmdl1-1.fna.whatsapp.net
mmi326.whatsapp.net
sonar.fbhz3-1.fna.whatsapp.net
sonar.flhr6-1.fna.whatsapp.net
media.fvie1-1.fna.whatsapp.net
media.fsvq2-1.fna.whatsapp.net
media.fcmb9-1.fna.whatsapp.net
media.fdac2-1.fna.whatsapp.net
media.fdiq3-1.fna.whatsapp.net
media.fdur6-1.fna.whatsapp.net
media.fknu1-1.fna.whatsapp.net
media.fnog1-1.fna.whatsapp.net
media.fpmw1-1.fna.whatsapp.net
media.fruh2-1.fna.whatsapp.net
media.fsaw1-1.fna.whatsapp.net
media.fsod8-1.fna.whatsapp.net
media.fstu1-1.fna.whatsapp.net
media.ftpe8-3.fna.whatsapp.net
media.fvtz1-1.fna.whatsapp.net
mmi685.whatsapp.net
sonar.fabv2-1.fna.whatsapp.net
sonar.fclj2-1.fna.whatsapp.net
sonar.fjpa7-1.fna.whatsapp.net
sonar.fmgq1-1.fna.whatsapp.net
sonar.fnic5-1.fna.whatsapp.net
sonar.fsub5-1.fna.whatsapp.net
sonar.ftuc1-1.fna.whatsapp.net
media-blr.cdn.whatsapp.net
media-mba.cdn.whatsapp.net
media.fcmb7-1.fna.whatsapp.net
media.fcxh1-1.fna.whatsapp.net
media.fkhi4-1.fna.whatsapp.net
media.fwaw5-1.fna.whatsapp.net
media.fyyc3-1.fna.whatsapp.net
mmi678.whatsapp.net
mmi719.whatsapp.net
sonar.fcxh1-1.fna.whatsapp.net
sonar.fsdv3-1.fna.whatsapp.net
media.fbkk2-8.fna.whatsapp.net
media.fbom10-1.fna.whatsapp.net
media.fbtz1-8.fna.whatsapp.net
media.ferm1-1.fna.whatsapp.net
media.figu2-1.fna.whatsapp.net
media.fsrz2-1.fna.whatsapp.net
media.ftxl3-2.fna.whatsapp.net
nmedia.fbed1-2.fna.whatsapp.net
sonar-poa.cdn.whatsapp.net
sonar.fltn1-1.fna.whatsapp.net
sonar.fnat2-1.fna.whatsapp.net
sonar.frak1-1.fna.whatsapp.net
sonar.fruh2-1.fna.whatsapp.net
media.fmgq2-1.fna.whatsapp.net
media.fotp3-2.fna.whatsapp.net
media.fgig4-1.fna.whatsapp.net
media-ssn1-1.cdn.whatsapp.net
sonar.ffor4-1.fna.whatsapp.net
media.fmba3-1.fna.whatsapp.net
sonar.flhe13-1.fna.whatsapp.net
media.feoh5-1.fna.whatsapp.net
media.fhan5-7.fna.whatsapp.net
media.fiom1-1.fna.whatsapp.net
media.fpac2-1.fna.whatsapp.net
media.fsoc1-1.fna.whatsapp.net
media.fssa8-1.fna.whatsapp.net
media.ftpa1-1.fna.whatsapp.net
media.ftun6-1.fna.whatsapp.net
sonar-sjc.cdn.whatsapp.net
sonar-vie.cdn.whatsapp.net
sonar.fbjx1-1.fna.whatsapp.net
sonar.fdiq4-1.fna.whatsapp.net
sonar.fist1-1.fna.whatsapp.net
sonar.fjnb7-1.fna.whatsapp.net
sonar.fpgz2-1.fna.whatsapp.net
sonar.fsjp7-1.fna.whatsapp.net
sonar.fvix2-1.fna.whatsapp.net
media-ber1-1.cdn.whatsapp.net
media.fccm7-1.fna.whatsapp.net
media.fdoh5-2.fna.whatsapp.net
media.fkrt2-1.fna.whatsapp.net
sonar.fifo2-1.fna.whatsapp.net
sonar.fccm8-1.fna.whatsapp.net
media-kul2-1.cdn.whatsapp.net
media.fakl1-3.fna.whatsapp.net
media.fbjm1-1.fna.whatsapp.net
media.fgyn8-1.fna.whatsapp.net
media.fmty3-1.fna.whatsapp.net
mmi482.whatsapp.net
sonar.fagr1-2.fna.whatsapp.net
sonar.fhkg8-1.fna.whatsapp.net
sonar.fvlg1-1.fna.whatsapp.net
media.fdps5-1.fna.whatsapp.net
sonar.fasu3-1.fna.whatsapp.net
sonar.flap1-1.fna.whatsapp.net
media.fads1-1.fna.whatsapp.net
media.fbtz1-1.fna.whatsapp.net
media.ffco2-1.fna.whatsapp.net
media.fhou1-2.fna.whatsapp.net
media.fndj1-1.fna.whatsapp.net
media.fplu14-1.fna.whatsapp.net
sonar.fcaw1-1.fna.whatsapp.net
sonar.fccp5-1.fna.whatsapp.net
fhkg7-1.fna.whatsapp.net
marchmedia.fyxd1-1.fna.whatsapp.net
media.fbgw5-1.fna.whatsapp.net
media.fcpv5-1.fna.whatsapp.net
media.ffru3-1.fna.whatsapp.net
media.fist6-1.fna.whatsapp.net
media.fmex21-1.fna.whatsapp.net
media.fmga2-1.fna.whatsapp.net
media.fqlf1-1.fna.whatsapp.net
media.frkv1-1.fna.whatsapp.net
media.fyyz1-2.fna.whatsapp.net
sonar.fclo1-1.fna.whatsapp.net
sonar.fpnh4-1.fna.whatsapp.net
sonar.fsal6-1.fna.whatsapp.net
vpn.cn.fdac80-1.fna.whatsapp.net
static-fallback.whatsapp.net
sonar.fbkk5-3.fna.whatsapp.net
sonar.fcnd1-1.fna.whatsapp.net
sonar.fnqn1-1.fna.whatsapp.net
media.faal1-1.fna.whatsapp.net
media.fasu6-1.fna.whatsapp.net
media.fbkk1-4.fna.whatsapp.net
media.fblr5-1.fna.whatsapp.net
media.fdel9-1.fna.whatsapp.net
media.fdmm2-2.fna.whatsapp.net
media.ffuk2-1.fna.whatsapp.net
media.fjog1-1.fna.whatsapp.net
media.flos3-2.fna.whatsapp.net
media.fnog2-1.fna.whatsapp.net
media.fstu6-1.fna.whatsapp.net
mmi425.whatsapp.net
sonar.fknu1-1.fna.whatsapp.net
sonar.fmct1-1.fna.whatsapp.net
sonar.fmii3-1.fna.whatsapp.net
sonar.ftlv4-1.fna.whatsapp.net
sonar-msp.cdn.whatsapp.net
media.fcgy1-1.fna.whatsapp.net
media-ort2-2.cdn.whatsapp.net
media.fcgk18-1.fna.whatsapp.net
media.fcpt1-1.fna.whatsapp.net
media.fdiq2-1.fna.whatsapp.net
media.fesb1-2.fna.whatsapp.net
media.ffsd2-1.fna.whatsapp.net
media.fkhi13-1.fna.whatsapp.net
media.fmci1-2.fna.whatsapp.net
media.fmem1-1.fna.whatsapp.net
media.fper8-1.fna.whatsapp.net
media.fric1-2.fna.whatsapp.net
mmi247.whatsapp.net
mmi284.whatsapp.net
mmi435.whatsapp.net
mmi489.whatsapp.net
sonar.fbtz1-1.fna.whatsapp.net
sonar.fmsq4-1.fna.whatsapp.net
sonar.fsaw1-7.fna.whatsapp.net
sonar.fybz2-1.fna.whatsapp.net
media.fbom3-1.fna.whatsapp.net
corporate.fbey2-1.fna.whatsapp.net
fitp1-1.fna.whatsapp.net
ftlv1-2.fna.whatsapp.net
media.faar1-1.fna.whatsapp.net
media.fbeg9-1.fna.whatsapp.net
media.fewr1-6.fna.whatsapp.net
media.ffor15-1.fna.whatsapp.net
media.fhfa1-2.fna.whatsapp.net
media.fppy1-1.fna.whatsapp.net
media.fprn2-1.fna.whatsapp.net
media.fsgn4-1.fna.whatsapp.net
mmi643.whatsapp.net
mmi661.whatsapp.net
sonar-ssn.cdn.whatsapp.net
sonar.fadb3-1.fna.whatsapp.net
sonar.fbfh3-2.fna.whatsapp.net
sonar.fcpt4-1.fna.whatsapp.net
sonar.fgel3-1.fna.whatsapp.net
sonar.fham5-1.fna.whatsapp.net
sonar.fhan3-2.fna.whatsapp.net
sonar.flca1-2.fna.whatsapp.net
sonar.fmru3-1.fna.whatsapp.net
sonar.fntr1-1.fna.whatsapp.net
sonar.frix3-1.fna.whatsapp.net
sonar.fsgn2-4.fna.whatsapp.net
sonar.fsuv2-1.fna.whatsapp.net
media.ffjr1-2.fna.whatsapp.net
media-kul2-2.cdn.whatsapp.net
media.fqro1-1.fna.whatsapp.net
media.fagu4-1.fna.whatsapp.net
sonar.fidr1-2.fna.whatsapp.net
media.faru5-1.fna.whatsapp.net
media.fbkk5-4.fna.whatsapp.net
media.fcps1-1.fna.whatsapp.net
media.flko4-1.fna.whatsapp.net
media.fmuc2-1.fna.whatsapp.net
media.fvgo2-2.fna.whatsapp.net
sonar-jnb.cdn.whatsapp.net
sonar.fcxh2-1.fna.whatsapp.net
sonar.fcxj8-1.fna.whatsapp.net
sonar.fgnm1-1.fna.whatsapp.net
sonar.fmga3-2.fna.whatsapp.net
media-lhr8-1.cdn.whatsapp.net
my-od-1.whatsapp.net
media-atl3-3.cdn.whatsapp.net
media.fmkz1-1.fna.whatsapp.net
media.ffor29-1.fna.whatsapp.net
media.fftw1-1.fna.whatsapp.net
media.fgpb1-1.fna.whatsapp.net
media.fgum2-1.fna.whatsapp.net
media.fkul6-1.fna.whatsapp.net
media.fnjf5-1.fna.whatsapp.net
media.fotp5-1.fna.whatsapp.net
media.frix8-1.fna.whatsapp.net
sonar.fhel3-1.fna.whatsapp.net
sonar.fjdo7-1.fna.whatsapp.net
sonar.fpoo2-1.fna.whatsapp.net
sonar.fsod2-1.fna.whatsapp.net
my-od-4.whatsapp.net
frec3-2.fna.whatsapp.net
media.fcfc4-1.fna.whatsapp.net
media.fdur4-1.fna.whatsapp.net
media.fjed4-3.fna.whatsapp.net
media.fkik5-1.fna.whatsapp.net
media.fktm2-1.fna.whatsapp.net
media.flos6-1.fna.whatsapp.net
media.fmgf6-1.fna.whatsapp.net
media.fpfb5-1.fna.whatsapp.net
mmi260.whatsapp.net
mmi656.whatsapp.net
mmi701.whatsapp.net
org.fyxk1-1.fna.whatsapp.net
sonar.faqp2-1.fna.whatsapp.net
sonar.fdac5-1.fna.whatsapp.net
sonar.fsaw1-8.fna.whatsapp.net
sonar.fsbz3-1.fna.whatsapp.net
media.fbdj3-1.fna.whatsapp.net
media.fbaq4-1.fna.whatsapp.net
media.fcgk4-1.fna.whatsapp.net
media.febb1-2.fna.whatsapp.net
media.fgyn5-1.fna.whatsapp.net
media.fhyd5-1.fna.whatsapp.net
media.fmpm2-1.fna.whatsapp.net
media.fphl2-3.fna.whatsapp.net
media.fpnk1-1.fna.whatsapp.net
media.fpnz4-1.fna.whatsapp.net
mmi261.whatsapp.net
sonar-gig4-1.cdn.whatsapp.net
sonar-gig4-2.cdn.whatsapp.net
sonar-sju1-1.cdn.whatsapp.net
sonar.fagc3-1.fna.whatsapp.net
sonar.frba1-1.fna.whatsapp.net
sonar.fgdl5-3.fna.whatsapp.net
media.ffdf3-1.fna.whatsapp.net
media.flad5-1.fna.whatsapp.net
sonar.fblr5-1.fna.whatsapp.net
sonar.fsap1-2.fna.whatsapp.net
media-restricted.fstn1-1.fna.whatsapp.net
media.fala4-1.fna.whatsapp.net
media.fbru3-1.fna.whatsapp.net
media.fcpv2-1.fna.whatsapp.net
media.fevn1-2.fna.whatsapp.net
media.fiza2-1.fna.whatsapp.net
media.fphs1-1.fna.whatsapp.net
media.fqnv1-1.fna.whatsapp.net
media.fsaw1-4.fna.whatsapp.net
media.fukk2-1.fna.whatsapp.net
sonar-hbe1-1.cdn.whatsapp.net
sonar-kul2-1.cdn.whatsapp.net
sonar.ffor8-1.fna.whatsapp.net
sonar.flhe2-1.fna.whatsapp.net
sonar.fmnl5-1.fna.whatsapp.net
sonar.ftia7-1.fna.whatsapp.net
sonar.fzmm1-1.fna.whatsapp.net
media.faar2-1.fna.whatsapp.net
media.fdyu2-1.fna.whatsapp.net
media.fisu1-2.fna.whatsapp.net
media.fpew1-1.fna.whatsapp.net
mmi319.whatsapp.net
nmedia.fads1-1.fna.whatsapp.net
sonar.fgza4-1.fna.whatsapp.net
sonar.fist1-2.fna.whatsapp.net
sonar.flim2-1.fna.whatsapp.net
sonar.fsdu8-2.fna.whatsapp.net
fhkg2-1.fna.whatsapp.net
sonar.flas1-2.fna.whatsapp.net
sonar.fcmn1-1.fna.whatsapp.net
media.fkhh1-2.fna.whatsapp.net
media.flju1-1.fna.whatsapp.net
sonar.fbsb6-1.fna.whatsapp.net
fmpw1-1.fna.whatsapp.net
media.fcgk15-1.fna.whatsapp.net
media.fdar2-1.fna.whatsapp.net
media.fjnb1-1.fna.whatsapp.net
media.fmar1-1.fna.whatsapp.net
media.frix2-1.fna.whatsapp.net
media.fyip1-1.fna.whatsapp.net
mmi434.whatsapp.net
sonar.ffln1-1.fna.whatsapp.net
sonar.fgcj1-1.fna.whatsapp.net
sonar.fgpb2-1.fna.whatsapp.net
media.fcgp2-1.fna.whatsapp.net
media.feyp1-1.fna.whatsapp.net
media.fscl3-1.fna.whatsapp.net
media.fscl7-1.fna.whatsapp.net
media.fsdv1-2.fna.whatsapp.net
mmi403.whatsapp.net
sonar.fhou1-1.fna.whatsapp.net
media.fnvt3-1.fna.whatsapp.net
ffru4-1.fna.whatsapp.net
media.fbtz1-4.fna.whatsapp.net
media.fclo1-2.fna.whatsapp.net
media.ffuk3-1.fna.whatsapp.net
media.fhan5-6.fna.whatsapp.net
media.fmex11-2.fna.whatsapp.net
media.fpet1-1.fna.whatsapp.net
media.frir1-1.fna.whatsapp.net
media.ftxl3-1.fna.whatsapp.net
mmi743.whatsapp.net
sonar.fist2-3.fna.whatsapp.net
sonar.fkul7-1.fna.whatsapp.net
sonar.fmdq1-2.fna.whatsapp.net
sonar.fpls1-1.fna.whatsapp.net
sonar.fpmw2-1.fna.whatsapp.net
media-tir2-1.cdn.whatsapp.net
media-waw2-1.cdn.whatsapp.net
media.fbeg7-1.fna.whatsapp.net
media.fbud7-1.fna.whatsapp.net
media.fdnk5-1.fna.whatsapp.net
media.fjdf1-1.fna.whatsapp.net
media.flun3-1.fna.whatsapp.net
media.fmpm1-1.fna.whatsapp.net
media.fruh5-2.fna.whatsapp.net
sonar-fra5-1.cdn.whatsapp.net
sonar.fmga4-1.fna.whatsapp.net
sonar.fomr1-1.fna.whatsapp.net
sonar.fopo2-2.fna.whatsapp.net
sonar.fpos2-1.fna.whatsapp.net
sonar.fssa4-1.fna.whatsapp.net
media.fopo3-1.fna.whatsapp.net
media.ftrd1-1.fna.whatsapp.net
sonar.fsoc1-1.fna.whatsapp.net
media.fktm7-1.fna.whatsapp.net
media.foal1-1.fna.whatsapp.net
media-amd1-2.cdn.whatsapp.net
media-fco2-1.cdn.whatsapp.net
media-iad3-2.cdn.whatsapp.net
media-ord5-2.cdn.whatsapp.net
media.fada1-9.fna.whatsapp.net
media.fcai3-2.fna.whatsapp.net
mmi254.whatsapp.net
mmi445.whatsapp.net
sonar.faju4-1.fna.whatsapp.net
sonar.famm4-1.fna.whatsapp.net
sonar.fbdj4-1.fna.whatsapp.net
sonar.fdav2-1.fna.whatsapp.net
sonar.fdnk1-1.fna.whatsapp.net
sonar.fhel1-1.fna.whatsapp.net
sonar.fjai5-1.fna.whatsapp.net
sonar.fmdc2-1.fna.whatsapp.net
sonar.fmmx2-1.fna.whatsapp.net
sonar.fwbw1-1.fna.whatsapp.net
sonar.fyyc3-1.fna.whatsapp.net
media.fdac20-1.fna.whatsapp.net
media.fdub1-2.fna.whatsapp.net
media.fqcj4-1.fna.whatsapp.net
mmi485.whatsapp.net
sonar.fmaa1-4.fna.whatsapp.net
sonar.fesb4-2.fna.whatsapp.net
sonar.fthe2-1.fna.whatsapp.net
fada1-9.fna.whatsapp.net
media.fbel3-1.fna.whatsapp.net
media.fbsr9-1.fna.whatsapp.net
media.fcgk7-2.fna.whatsapp.net
media.fchc1-1.fna.whatsapp.net
media.fhan5-4.fna.whatsapp.net
media.fkwi9-1.fna.whatsapp.net
media.fmem1-2.fna.whatsapp.net
media.fsah2-1.fna.whatsapp.net
media.fsin2-1.fna.whatsapp.net
media.fstu5-1.fna.whatsapp.net
sonar.fbpn2-1.fna.whatsapp.net
sonar.fcjb1-1.fna.whatsapp.net
sonar.fnag1-1.fna.whatsapp.net
sonar.fotp3-1.fna.whatsapp.net
sonar.fsub1-1.fna.whatsapp.net
sonar.fyvr3-1.fna.whatsapp.net
sonar-lim.cdn.whatsapp.net
media.fzmm1-1.fna.whatsapp.net
sonar.fthe3-1.fna.whatsapp.net
media-mia3-1.cdn.whatsapp.net
acc-media.fbts1-1.fna.whatsapp.net
ferm1-1.fna.whatsapp.net
media-bom2-3.cdn.whatsapp.net
media-dub4-1.cdn.whatsapp.net
media.fbud3-1.fna.whatsapp.net
media.fcjb1-1.fna.whatsapp.net
media.fjdo6-1.fna.whatsapp.net
media.fmel5-1.fna.whatsapp.net
media.frao3-1.fna.whatsapp.net
media.ftlv8-1.fna.whatsapp.net
mmi702.whatsapp.net
sonar.fmxp1-1.fna.whatsapp.net
media.fbkk10-1.fna.whatsapp.net
media.fhex2-1.fna.whatsapp.net
media.faax1-1.fna.whatsapp.net
media.fhea1-1.fna.whatsapp.net
media.fbkk7-2.fna.whatsapp.net
media.fbwn2-1.fna.whatsapp.net
media.fdad8-1.fna.whatsapp.net
media.fmbj1-1.fna.whatsapp.net
media.fplm3-1.fna.whatsapp.net
media.frke1-1.fna.whatsapp.net
mme.whatsapp.net
sonar-lis.cdn.whatsapp.net
sonar.fdel1-1.fna.whatsapp.net
sonar.fdnk3-2.fna.whatsapp.net
sonar.fopo3-2.fna.whatsapp.net
sonar.fruh6-2.fna.whatsapp.net
sonar.fsal5-1.fna.whatsapp.net
sonar.fslz7-1.fna.whatsapp.net
sonar.ftbs6-1.fna.whatsapp.net
sonar.fval2-1.fna.whatsapp.net
sonar.fzag3-1.fna.whatsapp.net
sonar.ftce2-1.fna.whatsapp.net
fatl1-2.fna.whatsapp.net
media.falg3-1.fna.whatsapp.net
media.fbdo6-1.fna.whatsapp.net
media.fblr14-1.fna.whatsapp.net
media.fcpq7-1.fna.whatsapp.net
media.fgla1-1.fna.whatsapp.net
media.fguw3-1.fna.whatsapp.net
media.fntr6-2.fna.whatsapp.net
sonar.faly3-1.fna.whatsapp.net
sonar.fcgr2-1.fna.whatsapp.net
sonar.ffjr1-3.fna.whatsapp.net
sonar.ffra1-1.fna.whatsapp.net
sonar.fgyd4-1.fna.whatsapp.net
sonar.flec4-1.fna.whatsapp.net
sonar.frkh1-1.fna.whatsapp.net
sonar.fsaw1-3.fna.whatsapp.net
sonar.fuio4-1.fna.whatsapp.net
fbgw23-1.fna.whatsapp.net
media-ams4-1.cdn.whatsapp.net
media-tir3-1.cdn.whatsapp.net
media.fatf2-1.fna.whatsapp.net
media.fbdo7-1.fna.whatsapp.net
media.fbkk4-3.fna.whatsapp.net
media.fcph1-1.fna.whatsapp.net
media.fods2-1.fna.whatsapp.net
media.fpfo1-1.fna.whatsapp.net
media.fsdu21-1.fna.whatsapp.net
nmedia.ftpe4-1.fna.whatsapp.net
sonar.fbfh5-1.fna.whatsapp.net
sonar.fbts3-1.fna.whatsapp.net
sonar.fcgk1-1.fna.whatsapp.net
sonar.fdet1-1.fna.whatsapp.net
sonar.fjed4-2.fna.whatsapp.net
sonar.fmem1-2.fna.whatsapp.net
sonar.fnap2-1.fna.whatsapp.net
sonar.fpnq7-1.fna.whatsapp.net
sonar.fsof8-1.fna.whatsapp.net
fipn2-1.fna.whatsapp.net
media.fbdj4-1.fna.whatsapp.net
media.fbga1-2.fna.whatsapp.net
media.fcpq3-1.fna.whatsapp.net
media.fecn3-1.fna.whatsapp.net
media.fiev3-1.fna.whatsapp.net
media.fjdo8-1.fna.whatsapp.net
media.fjpa2-1.fna.whatsapp.net
media.fmuc4-1.fna.whatsapp.net
media.ftij3-1.fna.whatsapp.net
mmi325.whatsapp.net
mmi498.whatsapp.net
mmi693.whatsapp.net
sonar.fakl1-2.fna.whatsapp.net
sonar.frec6-1.fna.whatsapp.net
media-vie1-1.cdn.whatsapp.net
fbkk7-3.fna.whatsapp.net
media.famd3-1.fna.whatsapp.net
media.fcor3-1.fna.whatsapp.net
media.fgru9-1.fna.whatsapp.net
media.fkul16-1.fna.whatsapp.net
media.fmdl4-1.fna.whatsapp.net
media.fthe5-1.fna.whatsapp.net
media.ftpe3-2.fna.whatsapp.net
sonar.fccu4-2.fna.whatsapp.net
sonar.fkgf2-1.fna.whatsapp.net
sonar.fruh5-1.fna.whatsapp.net
sonar.fsap3-1.fna.whatsapp.net
sonar.fvix5-1.fna.whatsapp.net
media.fskp3-1.fna.whatsapp.net
v-k-fallback.whatsapp.net
fkbl2-1.fna.whatsapp.net
media.fbgw3-1.fna.whatsapp.net
media.fbwx7-1.fna.whatsapp.net
media.fcag1-1.fna.whatsapp.net
media.fvgo2-1.fna.whatsapp.net
sonar.fcor5-1.fna.whatsapp.net
sonar.fmaa1-3.fna.whatsapp.net
sonar.fssa8-1.fna.whatsapp.net
sonar.fbho4-1.fna.whatsapp.net
media.fsjp8-1.fna.whatsapp.net
media-den4-1.cdn.whatsapp.net
media.facc2-1.fna.whatsapp.net
media.fcfc6-1.fna.whatsapp.net
media.fcgh11-1.fna.whatsapp.net
media.fcgh9-1.fna.whatsapp.net
media.feoh4-2.fna.whatsapp.net
media.frec6-1.fna.whatsapp.net
sonar.fbey9-1.fna.whatsapp.net
sonar.fbom3-2.fna.whatsapp.net
sonar.fbom4-2.fna.whatsapp.net
sonar.flhr1-2.fna.whatsapp.net
sonar.fskg1-1.fna.whatsapp.net
my-od-5.whatsapp.net
sonar.fymq1-2.fna.whatsapp.net
fcgk7-1.fna.whatsapp.net
fctg1-2.fna.whatsapp.net
media-ort.cdn.whatsapp.net
media-syd.cdn.whatsapp.net
media.fadb2-2.fna.whatsapp.net
media.fdac26-1.fna.whatsapp.net
media.fevn1-4.fna.whatsapp.net
media.fgua1-1.fna.whatsapp.net
media.fktm4-1.fna.whatsapp.net
media.flap1-1.fna.whatsapp.net
media.flim6-2.fna.whatsapp.net
media.fplu5-1.fna.whatsapp.net
media.fros2-1.fna.whatsapp.net
mmi271.whatsapp.net
mmi292.whatsapp.net
mmi454.whatsapp.net
sonar-gmp.cdn.whatsapp.net
sonar.fbeg1-1.fna.whatsapp.net
sonar.fham6-1.fna.whatsapp.net
sonar.fhen1-1.fna.whatsapp.net
sonar.fkhi3-1.fna.whatsapp.net
sonar.fmia1-2.fna.whatsapp.net
media.ftlv1-1.fna.whatsapp.net
fcgk13-1.fna.whatsapp.net
media.fbaq2-2.fna.whatsapp.net
media.fdel5-1.fna.whatsapp.net
media.ffor36-1.fna.whatsapp.net
media.fgbb2-2.fna.whatsapp.net
media.fmad14-1.fna.whatsapp.net
media.fres1-1.fna.whatsapp.net
media.frga1-1.fna.whatsapp.net
media.fxap3-1.fna.whatsapp.net
mmi320.whatsapp.net
sonar-hbe1-2.cdn.whatsapp.net
sonar.fhdy4-1.fna.whatsapp.net
sonar.fmcz2-2.fna.whatsapp.net
sonar.fmid3-1.fna.whatsapp.net
w257381631-ge2tsnbugy4tsmrx.snr.whatsapp.net
media.fbis1-1.fna.whatsapp.net
media.ffln5-1.fna.whatsapp.net
media.fkul5-2.fna.whatsapp.net
media.flhe14-1.fna.whatsapp.net
media.fpss3-1.fna.whatsapp.net
sonar-dfw5-3.cdn.whatsapp.net
sonar.fayt2-1.fna.whatsapp.net
media-fra.cdn.whatsapp.net
media.ffuk4-1.fna.whatsapp.net
media.fhga3-1.fna.whatsapp.net
media.fktw3-1.fna.whatsapp.net
media.flsc3-1.fna.whatsapp.net
media.fmru4-1.fna.whatsapp.net
media.fmvs2-1.fna.whatsapp.net
media.fmxp3-1.fna.whatsapp.net
mmi730.whatsapp.net
sonar.fcgk8-2.fna.whatsapp.net
sonar.fkul1-1.fna.whatsapp.net
sonar.frao2-1.fna.whatsapp.net
sonar.flas1-1.fna.whatsapp.net
sonar.flsc2-1.fna.whatsapp.net
sonar.fthe7-1.fna.whatsapp.net
media.fppb2-1.fna.whatsapp.net
media.fers1-1.fna.whatsapp.net
media.fgru8-1.fna.whatsapp.net
sonar.fmea1-1.fna.whatsapp.net
sonar.fceb2-1.fna.whatsapp.net
media.fsjo3-1.fna.whatsapp.net
fphl2-3.fna.whatsapp.net
media-itm1-1.cdn.whatsapp.net
media.faqa2-1.fna.whatsapp.net
media.fcmb8-1.fna.whatsapp.net
media.fdad5-1.fna.whatsapp.net
media.fslz7-1.fna.whatsapp.net
snr.whatsapp.net
sonar-tpe1-1.cdn.whatsapp.net
sonar.fhrk5-1.fna.whatsapp.net
sonar.flos3-2.fna.whatsapp.net
sonar.fnlv1-1.fna.whatsapp.net
sonar.fpnq1-2.fna.whatsapp.net
sonar.fssa9-1.fna.whatsapp.net
media-bkk1-1.cdn.whatsapp.net
media.fath1-1.fna.whatsapp.net
media.fbkk12-2.fna.whatsapp.net
media.fbkk5-7.fna.whatsapp.net
media.fcpv12-1.fna.whatsapp.net
media.fmgf1-1.fna.whatsapp.net
media.fpos6-1.fna.whatsapp.net
mmi327.whatsapp.net
sonar-muc2-1.cdn.whatsapp.net
sonar.fada1-3.fna.whatsapp.net
sonar.fakx2-1.fna.whatsapp.net
sonar.fdub4-1.fna.whatsapp.net
sonar.fkix2-2.fna.whatsapp.net
sonar.fplu3-1.fna.whatsapp.net
sonar.fsdu4-1.fna.whatsapp.net
media.fhex1-1.fna.whatsapp.net
fpgz2-1.fna.whatsapp.net
media-lhr8-2.cdn.whatsapp.net
media-phx.cdn.whatsapp.net
media-tir3-3.cdn.whatsapp.net
media.fiev22-1.fna.whatsapp.net
media.fijd1-1.fna.whatsapp.net
media.fkye4-1.fna.whatsapp.net
media.fpoa4-1.fna.whatsapp.net
nmedia.fssa13-1.fna.whatsapp.net
sonar.fcmn2-2.fna.whatsapp.net
sonar.fhkg3-2.fna.whatsapp.net
sonar.fimp1-2.fna.whatsapp.net
sonar.fbru3-1.fna.whatsapp.net
sonar.fcix1-1.fna.whatsapp.net
media-for2-1.cdn.whatsapp.net
media.fakl1-2.fna.whatsapp.net
media.fham5-1.fna.whatsapp.net
media.fhel1-1.fna.whatsapp.net
media.fmle1-1.fna.whatsapp.net
media.fstu4-1.fna.whatsapp.net
sonar.faux1-1.fna.whatsapp.net
sonar.fbga1-4.fna.whatsapp.net
sonar.fcdg2-1.fna.whatsapp.net
sonar.fpoa8-1.fna.whatsapp.net
sonar.fsxr1-1.fna.whatsapp.net
media.fbkk7-3.fna.whatsapp.net
sonar.fqro2-1.fna.whatsapp.net
media.ftia4-1.fna.whatsapp.net
media.fadd1-1.fna.whatsapp.net
media.fsyd3-1.fna.whatsapp.net
mmi268.whatsapp.net
sonar-atl3-3.cdn.whatsapp.net
sonar.fcou1-1.fna.whatsapp.net
sonar.flbv4-1.fna.whatsapp.net
sonar.fthe5-1.fna.whatsapp.net
sonar.fyyc1-1.fna.whatsapp.net
media.fjpa8-1.fna.whatsapp.net
media.ftia8-1.fna.whatsapp.net
sonar.fgye1-1.fna.whatsapp.net
media.fada2-2.fna.whatsapp.net
mmg-fna.whatsapp.net
sonar.fkgl3-1.fna.whatsapp.net
media.fadb4-1.fna.whatsapp.net
media.fanf4-1.fna.whatsapp.net
media.fewr1-4.fna.whatsapp.net
media.fros5-1.fna.whatsapp.net
media.fsig3-1.fna.whatsapp.net
media.ftlv3-1.fna.whatsapp.net
nmedia.ffjr1-1.fna.whatsapp.net
sonar.fbts6-1.fna.whatsapp.net
sonar.fstu4-1.fna.whatsapp.net
urlmedia.fmtt1-1.fna.whatsapp.net
media.fcky2-1.fna.whatsapp.net
sonar-bsb.cdn.whatsapp.net
sonar-mia.cdn.whatsapp.net
media.fdel23-1.fna.whatsapp.net
media.fmad12-1.fna.whatsapp.net
fgru12-1.fna.whatsapp.net
media.fasu9-1.fna.whatsapp.net
media.fbeg6-1.fna.whatsapp.net
media.fbkk6-1.fna.whatsapp.net
media.fgua3-1.fna.whatsapp.net
media.fgye12-1.fna.whatsapp.net
media.flhr4-2.fna.whatsapp.net
media.fppb3-1.fna.whatsapp.net
media.fsrg2-1.fna.whatsapp.net
mmi410.whatsapp.net
sonar.fccu9-1.fna.whatsapp.net
sonar.ffec8-1.fna.whatsapp.net
sonar.ffsz1-2.fna.whatsapp.net
sonar.fphl1-2.fna.whatsapp.net
ftrd4-1.fna.whatsapp.net
fzag1-1.fna.whatsapp.net
media.fdnk1-1.fna.whatsapp.net
media.fgbe1-1.fna.whatsapp.net
media.fisb1-1.fna.whatsapp.net
media.fmad11-2.fna.whatsapp.net
media.fmel2-1.fna.whatsapp.net
media.fmkc2-1.fna.whatsapp.net
media.fsub1-2.fna.whatsapp.net
media.fykz1-2.fna.whatsapp.net
mmi245.whatsapp.net
mmi447.whatsapp.net
sonar.ffez1-2.fna.whatsapp.net
sonar.fgyd8-1.fna.whatsapp.net
media.fhkg4-1.fna.whatsapp.net
media.fbah5-1.fna.whatsapp.net
sonar-mba.cdn.whatsapp.net
media-fml2-1.cdn.whatsapp.net
media-for2-2.cdn.whatsapp.net
media.fbog2-1.fna.whatsapp.net
media.fcgk11-1.fna.whatsapp.net
media.fguw1-1.fna.whatsapp.net
media.fhnd1-1.fna.whatsapp.net
media.fllw1-1.fna.whatsapp.net
media.fmab1-1.fna.whatsapp.net
media.fpnh8-1.fna.whatsapp.net
media.fvcp7-1.fna.whatsapp.net
mmi670.whatsapp.net
sonar.famd1-1.fna.whatsapp.net
sonar.fcau6-1.fna.whatsapp.net
sonar.fcpv4-1.fna.whatsapp.net
sonar.fdsm1-1.fna.whatsapp.net
media-bsb1-1.cdn.whatsapp.net
media.fccu4-1.fna.whatsapp.net
media.fpuq2-1.fna.whatsapp.net
media.ftow2-1.fna.whatsapp.net
sonar.fkno3-1.fna.whatsapp.net
sonar.fsjp4-1.fna.whatsapp.net
media-bog.cdn.whatsapp.net
frun3-1.fna.whatsapp.net
media-jnb1-1.cdn.whatsapp.net
media.fauh1-1.fna.whatsapp.net
media.fbzv2-1.fna.whatsapp.net
media.fccj1-1.fna.whatsapp.net
media.ffor12-1.fna.whatsapp.net
media.fgib1-1.fna.whatsapp.net
media.fmel4-1.fna.whatsapp.net
media.fpoa11-1.fna.whatsapp.net
media.fssa15-1.fna.whatsapp.net
media.fsuv3-1.fna.whatsapp.net
media.fuio6-1.fna.whatsapp.net
media.fvdc3-1.fna.whatsapp.net
media.fyzd1-2.fna.whatsapp.net
mmi264.whatsapp.net
sonar.facc1-1.fna.whatsapp.net
sonar.fgse1-1.fna.whatsapp.net
sonar.fisb3-2.fna.whatsapp.net
media.fhex3-1.fna.whatsapp.net
fman1-2.fna.whatsapp.net
media.fadz1-1.fna.whatsapp.net
media.famm9-1.fna.whatsapp.net
media.fbey14-1.fna.whatsapp.net
media.fcai2-2.fna.whatsapp.net
media.fdad6-1.fna.whatsapp.net
media.fkix2-2.fna.whatsapp.net
media.fods5-1.fna.whatsapp.net
media.fsap5-1.fna.whatsapp.net
media.fwlg1-1.fna.whatsapp.net
media.fxap1-1.fna.whatsapp.net
mmi252.whatsapp.net
sonar.fbaq7-1.fna.whatsapp.net
sonar.fbey6-1.fna.whatsapp.net
sonar.fcgk22-1.fna.whatsapp.net
sonar.fcpt3-1.fna.whatsapp.net
sonar.flim4-2.fna.whatsapp.net
sonar.fmaa2-2.fna.whatsapp.net
sonar.fohs1-1.fna.whatsapp.net
sonar.fpbc2-1.fna.whatsapp.net
media-mrs2-1.cdn.whatsapp.net
media.fpbq2-1.fna.whatsapp.net
sonar.fmkz1-1.fna.whatsapp.net
media.fmnl4-4.fna.whatsapp.net
media-bog1-1.cdn.whatsapp.net
media-lht.cdn.whatsapp.net
media.faru3-1.fna.whatsapp.net
media.fbeg8-1.fna.whatsapp.net
media.fbkk4-2.fna.whatsapp.net
media.fbna1-1.fna.whatsapp.net
media.fbog2-2.fna.whatsapp.net
media.fkul3-2.fna.whatsapp.net
media.fsaw1-7.fna.whatsapp.net
media.ftlv4-1.fna.whatsapp.net
sonar-hkg1-1.cdn.whatsapp.net
sonar.fgba1-1.fna.whatsapp.net
sonar.fmaa6-1.fna.whatsapp.net
sonar.fvvc2-1.fna.whatsapp.net
ci.fidr1-1.fna.whatsapp.net
sonar.fdgo1-1.fna.whatsapp.net
v-k.whatsapp.net
fmct1-1.fna.whatsapp.net
media.fcfb2-1.fna.whatsapp.net
media.fktw4-1.fna.whatsapp.net
media.fkwi7-1.fna.whatsapp.net
media.fopo1-1.fna.whatsapp.net
mme-fna.whatsapp.net
mmi340.whatsapp.net
sonar.ffec6-1.fna.whatsapp.net
sonar.fmpm1-1.fna.whatsapp.net
media.fbah2-1.fna.whatsapp.net
media.fcuu2-1.fna.whatsapp.net
media.fdps4-1.fna.whatsapp.net
media.fhkg2-1.fna.whatsapp.net
media.fjai4-1.fna.whatsapp.net
media.flad1-2.fna.whatsapp.net
media.fmsq1-1.fna.whatsapp.net
media.fsdu4-1.fna.whatsapp.net
media.fsin8-1.fna.whatsapp.net
media.fsyd4-1.fna.whatsapp.net
media.fthe6-1.fna.whatsapp.net
media.ftlv1-2.fna.whatsapp.net
sonar.fmct2-1.fna.whatsapp.net
sonar.ftij1-1.fna.whatsapp.net
media.fgdl5-3.fna.whatsapp.net
media.fadl6-1.fna.whatsapp.net
fuaq1-1.fna.whatsapp.net
media.fbtz1-3.fna.whatsapp.net
media.fdyu3-1.fna.whatsapp.net
media.fgye10-2.fna.whatsapp.net
media.fhan5-5.fna.whatsapp.net
media.flos11-1.fna.whatsapp.net
media.fpnq9-1.fna.whatsapp.net
media.frec27-1.fna.whatsapp.net
media.ftuc2-1.fna.whatsapp.net
mmi663.whatsapp.net
sonar.fbah2-1.fna.whatsapp.net
sonar.fltx1-1.fna.whatsapp.net
sonar.fmkc1-2.fna.whatsapp.net
sonar.fvtz1-1.fna.whatsapp.net
media.fthe2-1.fna.whatsapp.net
media.fath6-1.fna.whatsapp.net
fada1-2.fna.whatsapp.net
media-gru1-2.cdn.whatsapp.net
media-lax3-2.cdn.whatsapp.net
media.fccu9-1.fna.whatsapp.net
media.fhan5-2.fna.whatsapp.net
media.fmfe1-1.fna.whatsapp.net
media.fpnh11-1.fna.whatsapp.net
media.fscl5-1.fna.whatsapp.net
media.fsub6-1.fna.whatsapp.net
media.fudi3-1.fna.whatsapp.net
mmi477.whatsapp.net
mmi494.whatsapp.net
sonar-frt.cdn.whatsapp.net
sonar.faep5-1.fna.whatsapp.net
sonar.fcgk5-1.fna.whatsapp.net
sonar.fist7-1.fna.whatsapp.net
sonar.fkul14-1.fna.whatsapp.net
sonar.ftrv1-1.fna.whatsapp.net
sonar.fvca1-2.fna.whatsapp.net
sonar.fvcp1-1.fna.whatsapp.net
media.fkgf2-1.fna.whatsapp.net
media.frba3-2.fna.whatsapp.net
sonar.fmex2-1.fna.whatsapp.net
media.fbma4-1.fna.whatsapp.net
media.fmad5-1.fna.whatsapp.net
sonar.fbeg4-1.fna.whatsapp.net
media.fbjr1-1.fna.whatsapp.net
media.fqbx3-1.fna.whatsapp.net
sonar.fbog7-1.fna.whatsapp.net
sonar.fsyd4-1.fna.whatsapp.net
media-maa2-2.cdn.whatsapp.net
media.fdnk3-2.fna.whatsapp.net
media.flba1-1.fna.whatsapp.net
media.fssa6-2.fna.whatsapp.net
media.fvte5-1.fna.whatsapp.net
sonar.fabj4-1.fna.whatsapp.net
sonar.fadl3-1.fna.whatsapp.net
sonar.fagc1-2.fna.whatsapp.net
sonar.fcmn2-1.fna.whatsapp.net
sonar.fcpq7-1.fna.whatsapp.net
sonar.fcpq9-1.fna.whatsapp.net
sonar.fslv1-1.fna.whatsapp.net
sonar-xxb.cdn.whatsapp.net
media-xsp1-1.cdn.whatsapp.net
media.fbgf1-1.fna.whatsapp.net
media.fcgh22-1.fna.whatsapp.net
media.fdtm2-2.fna.whatsapp.net
media.ffln6-1.fna.whatsapp.net
media.fhyd2-1.fna.whatsapp.net
media.fnap1-1.fna.whatsapp.net
media.fpac1-2.fna.whatsapp.net
media.fpuq3-1.fna.whatsapp.net
media.furt1-1.fna.whatsapp.net
sonar.fbbi1-1.fna.whatsapp.net
sonar.fntr4-1.fna.whatsapp.net
sonar.frao1-2.fna.whatsapp.net
sonar.fsub5-2.fna.whatsapp.net
sonar.fyei1-1.fna.whatsapp.net
media.fhio1-1.fna.whatsapp.net
media.fpnq6-1.fna.whatsapp.net
mmi265.whatsapp.net
sonar.faju6-1.fna.whatsapp.net
fruh2-2.fna.whatsapp.net
media-lcy1-2.cdn.whatsapp.net
media.fbey11-1.fna.whatsapp.net
media.fluh1-1.fna.whatsapp.net
media.fosl2-1.fna.whatsapp.net
media.fsub6-5.fna.whatsapp.net
media.ftrd4-1.fna.whatsapp.net
mmi484.whatsapp.net
sonar.fixe1-1.fna.whatsapp.net
sonar.ftur1-1.fna.whatsapp.net
media.fbom8-1.fna.whatsapp.net
sonar.fstv1-1.fna.whatsapp.net
media.faep3-1.fna.whatsapp.net
media.fcue1-1.fna.whatsapp.net
media.fjsr1-1.fna.whatsapp.net
media.fkul19-2.fna.whatsapp.net
media.fmii3-1.fna.whatsapp.net
media.fmpw1-1.fna.whatsapp.net
media.fmvf4-1.fna.whatsapp.net
media.fpnh6-1.fna.whatsapp.net
media.fsdu24-1.fna.whatsapp.net
media.fvlc2-2.fna.whatsapp.net
mmi750.whatsapp.net
sonar.fbrs1-2.fna.whatsapp.net
sonar.ffco4-1.fna.whatsapp.net
sonar.fjai3-1.fna.whatsapp.net
sonar.flhe7-1.fna.whatsapp.net
sonar.fruh4-5.fna.whatsapp.net
sonar.fstu2-1.fna.whatsapp.net
media.fblb2-1.fna.whatsapp.net
media.fclo4-1.fna.whatsapp.net
media.fbgi3-1.fna.whatsapp.net
media.fccu7-1.fna.whatsapp.net
media.fdel2-1.fna.whatsapp.net
media.fgyn1-1.fna.whatsapp.net
media.fiev7-2.fna.whatsapp.net
media.fitm1-1.fna.whatsapp.net
media.fkhi5-1.fna.whatsapp.net
media.fntr5-1.fna.whatsapp.net
media.fpoa3-1.fna.whatsapp.net
sonar-los2-1.cdn.whatsapp.net
sonar-mia3-3.cdn.whatsapp.net
sonar.fbaq6-1.fna.whatsapp.net
sonar.fmao1-1.fna.whatsapp.net
sonar.fmex3-1.fna.whatsapp.net
sonar.fsdu3-1.fna.whatsapp.net
sonar.fsdu9-1.fna.whatsapp.net
sonar-hbe.cdn.whatsapp.net
sonar.fsyd7-1.fna.whatsapp.net
media-muc.cdn.whatsapp.net
media.fclo6-1.fna.whatsapp.net
media.fgoa1-1.fna.whatsapp.net
media.fgyd8-1.fna.whatsapp.net
media.fist11-1.fna.whatsapp.net
media.frun2-1.fna.whatsapp.net
media.fsgn7-1.fna.whatsapp.net
mmi687.whatsapp.net
sonar.fbom19-2.fna.whatsapp.net
fcai4-1.fna.whatsapp.net
fjai1-2.fna.whatsapp.net
media-gig4-2.cdn.whatsapp.net
media-gua.cdn.whatsapp.net
media.fisb7-1.fna.whatsapp.net
media.fkul5-1.fna.whatsapp.net
media.fnjf4-1.fna.whatsapp.net
media.frgn2-2.fna.whatsapp.net
mmi298.whatsapp.net
sonar.fmla1-2.fna.whatsapp.net
scontent-fallback.whatsapp.net
media.ftpe7-1.fna.whatsapp.net
media.fadl4-1.fna.whatsapp.net
media.fbaq1-1.fna.whatsapp.net
media.fcnf1-1.fna.whatsapp.net
media.fldb9-1.fna.whatsapp.net
media.fvlc1-1.fna.whatsapp.net
mmi735.whatsapp.net
sonar-ist1-1.cdn.whatsapp.net
sonar.fams1-2.fna.whatsapp.net
sonar.fbaq1-1.fna.whatsapp.net
sonar.fbed1-2.fna.whatsapp.net
sonar.fbga2-1.fna.whatsapp.net
sonar.fcgp7-1.fna.whatsapp.net
sonar.ffec2-1.fna.whatsapp.net
media.fbkk8-4.fna.whatsapp.net
media.fpnh18-1.fna.whatsapp.net
media.fcgr3-1.fna.whatsapp.net
media.fist7-2.fna.whatsapp.net
media.fkrt1-1.fna.whatsapp.net
media.fthe10-1.fna.whatsapp.net
media.ftru2-3.fna.whatsapp.net
sonar-dfw5-2.cdn.whatsapp.net
sonar.fcor2-2.fna.whatsapp.net
sonar.fktm7-1.fna.whatsapp.net
sonar.fmvf3-1.fna.whatsapp.net
sonar.fsjk4-1.fna.whatsapp.net
sonar.ftun8-1.fna.whatsapp.net
my-od-5.wa.me
my-od.wa.me
my-od-4.wa.me
my-od-2.wa.me
my-od-1.wa.me
my-od-3.wa.me
packages.whatsapp.biz
sb.whatsapp.biz
www.packages.whatsapp.biz
docker.whatsapp.biz
www.whatsapp.biz
messaging.webhook.whatsapp.biz
